Initializing AMReX (25.10-33-ga3892dee9444)...
MPI initialized with 64 MPI processes
MPI initialized with thread support level 3
OMP initialized with 1 OMP threads
AMReX (25.10-33-ga3892dee9444) initialized
Initialized PETSc.
WarpX (25.10-109-gcbedf85e5815-dirty)

                                   ___
    __        __             ___  /  /
    \ \      / /_ _ _ __ _ __\  \/  /
     \ \ /\ / / _` | '__| '_ \\    /
      \ V  V / (_| | |  | |_) /    \
       \_/\_/ \__,_|_|  | .__/__/\  \
                        |_|       \__\

Level 0: dt = 1.772590712e-17 ; dx = 1.660654146e-09 ; dy = 1.660654146e-09 ; dz = 1.660654146e-09
Defined DOF object for linear solves (total DOFs = 124416).
KSP_impl: Initialized PETSc's KSP solver.

Grids Summary:
  Level 0   64 grids  32768 cells  100 % of domain
            smallest grid: 8 x 8 x 8  biggest grid: 8 x 8 x 8

-------------------------------------------------------------------------------
--------------------------- MAIN EM PIC PARAMETERS ----------------------------
-------------------------------------------------------------------------------
Precision:            | DOUBLE
Particle precision:   | DOUBLE
Geometry:             | 3D (XYZ)
Operation mode:       | Electromagnetic
                      | - vacuum
-------------------------------------------------------------------------------
Current Deposition:   | Villasenor 
Guard cells           | - ng_alloc_J  = (0,0,0)
 (allocated for J)    | 
Particle Pusher:      | Higuera-Cary 
Charge Deposition:    | standard 
Field Gathering:      | energy-conserving 
Particle Shape Factor:| 0
-------------------------------------------------------------------------------
Maxwell Solver:       | Yee 
-------------------------------------------------------------------------------

-----------------------------------------------------------
----------- THETA IMPLICIT EM SOLVER PARAMETERS -----------
-----------------------------------------------------------
Time-bias parameter theta:           0.5
max particle iterations:             21
particle relative tolerance:         1e-10
use particle suborbits:              false
print unconverged particle details:  false
Nonlinear solver type:               newton
use mass matrices:                   true
    for jacobian calc:   false
    for preconditioner:  true
    ncomp_xx:  (1,1,1)
    ncomp_xy:  (0,0,0)
    ncomp_xz:  (0,0,0)
    ncomp_yx:  (0,0,0)
    ncomp_yy:  (1,1,1)
    ncomp_yz:  (0,0,0)
    ncomp_zx:  (0,0,0)
    ncomp_zy:  (0,0,0)
    ncomp_zz:  (1,1,1)
Newton verbose:             true
Newton max iterations:      10
Newton relative tolerance:  1e-06
Newton absolute tolerance:  0
Newton require convergence: false
Newton linear solver:       petsc_ksp
Linear solver (petsc_ksp) verbose:            2
Linear solver (petsc_ksp) restart length:     30
Linear solver (petsc_ksp) max iterations:     1000
Linear solver (petsc_ksp) relative tolerance: 1e-08
Linear solver (petsc_ksp) absolute tolerance: 0
Preconditioner type:      pc_petsc
pc_petsc verbose:                   true
pc_petsc pc_diagonal_only:          false
pc_petsc pc_mass_matrix_width:      0
pc_petsc pc_mass_matrix_include_ij: false
-----------------------------------------------------------

For full input parameters, see the file: warpx_used_inputs

--- INFO    : Starting Projection B-Field divergence cleaner.
MLMG: # of AMR levels: 1
      # of MG levels on the coarsest AMR level: 3
MLMG: Initial rhs               = 2.402890128e+13
MLMG: Initial residual (resid0) = 2.402890128e+13
MLMG: Iteration   1 Fine resid/bnorm = 0.01352977403
MLMG: Iteration   2 Fine resid/bnorm = 0.0002667432092
MLMG: Iteration   3 Fine resid/bnorm = 6.454045789e-06
MLMG: Iteration   4 Fine resid/bnorm = 1.510601563e-07
MLMG: Iteration   5 Fine resid/bnorm = 3.613654306e-09
MLMG: Iteration   6 Fine resid/bnorm = 9.162046308e-11
MLMG: Iteration   7 Fine resid/bnorm = 2.490409203e-12
MLMG: Final Iter. 7 resid, resid/bnorm = 59.84179688, 2.490409203e-12
MLMG: Timers: Solve = 0.069788938 Iter = 0.06597701 Bottom = 0.052465104
--- INFO    : Finished Projection B-Field divergence cleaner.
STEP 1 starts ...
Updating pc_petsc: theta*dt = 8.862953562e-18,  coefficients: alpha = 7.059896813e-18
Updating pc_petsc: theta*dt = 8.862953562e-18,  coefficients: alpha = 7.059896813e-18
Newton: iteration =   0, norm = 1.83399e+15 (abs.), 1.00000e+00 (rel.)
KSP_impl: Using PETSc preconditioner - lu.
GMRES (PETSc KSP): iter = 0, residual = 2.254969353e+15, 1 (rel.)
GMRES (PETSc KSP): iter = 1, residual = 536903.7077, 2.380980065e-10 (rel.)
GMRES (PETSc KSP): exited due to "CONVERGED_RTOL" (abs. norm=536903.7077).
Updating pc_petsc: theta*dt = 8.862953562e-18,  coefficients: alpha = 7.059896813e-18
Newton: iteration =   1, norm = 2.74881e+02 (abs.), 1.49881e-13 (rel.)
Newton: exiting at iteration =   1. Satisfied relative tolerance 1e-06


**** WARNINGS ******************************************************************
* GLOBAL warning list  after  [ FIRST STEP ]
*
* --> [!! ] [ImplicitSolver] [raised 64 times]
*     Particle-suppressed JFNK (e.g., theta-implicit evolve with newton
*     nonlinear solver) is being used with a charge-conserving deposition
*     (esirkepov or villasenor) and particle_shape = 1.
*     Some particle orbits may not converge!!!
*     Consider using particle_shape > 1.
*     @ Raised by: ALL
*
********************************************************************************

STEP 1 ends. TIME = 1.772590712e-17 DT = 1.772590712e-17
Evolve time = 8.586124342 s; This step = 8.586124342 s; Avg. per step = 8.586124342 s

STEP 2 starts ...
Updating pc_petsc: theta*dt = 8.862953562e-18,  coefficients: alpha = 7.059896813e-18
Newton: iteration =   0, norm = 1.41073e+15 (abs.), 1.00000e+00 (rel.)
GMRES (PETSc KSP): iter = 0, residual = 1.650010606e+15, 1 (rel.)
GMRES (PETSc KSP): iter = 1, residual = 427267.5718, 2.58948379e-10 (rel.)
GMRES (PETSc KSP): exited due to "CONVERGED_RTOL" (abs. norm=427267.5718).
Updating pc_petsc: theta*dt = 8.862953562e-18,  coefficients: alpha = 7.059896813e-18
Newton: iteration =   1, norm = 1.20897e+03 (abs.), 8.56982e-13 (rel.)
Newton: exiting at iteration =   1. Satisfied relative tolerance 1e-06
STEP 2 ends. TIME = 3.545181425e-17 DT = 1.772590712e-17
Evolve time = 15.75179148 s; This step = 7.165667133 s; Avg. per step = 7.875895738 s

STEP 3 starts ...
Updating pc_petsc: theta*dt = 8.862953562e-18,  coefficients: alpha = 7.059896813e-18
Newton: iteration =   0, norm = 1.27450e+15 (abs.), 1.00000e+00 (rel.)
GMRES (PETSc KSP): iter = 0, residual = 1.386681217e+15, 1 (rel.)
GMRES (PETSc KSP): iter = 1, residual = 421124.7753, 3.036925649e-10 (rel.)
GMRES (PETSc KSP): exited due to "CONVERGED_RTOL" (abs. norm=421124.7753).
Updating pc_petsc: theta*dt = 8.862953562e-18,  coefficients: alpha = 7.059896813e-18
Newton: iteration =   1, norm = 3.17176e+03 (abs.), 2.48862e-12 (rel.)
Newton: exiting at iteration =   1. Satisfied relative tolerance 1e-06
STEP 3 ends. TIME = 5.317772137e-17 DT = 1.772590712e-17
Evolve time = 22.88648297 s; This step = 7.134691492 s; Avg. per step = 7.628827656 s

STEP 4 starts ...
Updating pc_petsc: theta*dt = 8.862953562e-18,  coefficients: alpha = 7.059896813e-18
Newton: iteration =   0, norm = 1.52177e+15 (abs.), 1.00000e+00 (rel.)
GMRES (PETSc KSP): iter = 0, residual = 1.743192781e+15, 1 (rel.)
GMRES (PETSc KSP): iter = 1, residual = 452805.3183, 2.597563065e-10 (rel.)
GMRES (PETSc KSP): exited due to "CONVERGED_RTOL" (abs. norm=452805.3183).
Updating pc_petsc: theta*dt = 8.862953562e-18,  coefficients: alpha = 7.059896813e-18
Newton: iteration =   1, norm = 5.67604e+03 (abs.), 3.72989e-12 (rel.)
Newton: exiting at iteration =   1. Satisfied relative tolerance 1e-06
STEP 4 ends. TIME = 7.09036285e-17 DT = 1.772590712e-17
Evolve time = 30.05430421 s; This step = 7.167821241 s; Avg. per step = 7.513576052 s

STEP 5 starts ...
Updating pc_petsc: theta*dt = 8.862953562e-18,  coefficients: alpha = 7.059896813e-18
Newton: iteration =   0, norm = 1.70695e+15 (abs.), 1.00000e+00 (rel.)
GMRES (PETSc KSP): iter = 0, residual = 2.014271132e+15, 1 (rel.)
GMRES (PETSc KSP): iter = 1, residual = 478850.372, 2.377288561e-10 (rel.)
GMRES (PETSc KSP): exited due to "CONVERGED_RTOL" (abs. norm=478850.372).
Updating pc_petsc: theta*dt = 8.862953562e-18,  coefficients: alpha = 7.059896813e-18
Newton: iteration =   1, norm = 9.69019e+02 (abs.), 5.67691e-13 (rel.)
Newton: exiting at iteration =   1. Satisfied relative tolerance 1e-06
STEP 5 ends. TIME = 8.862953562e-17 DT = 1.772590712e-17
Evolve time = 37.22774202 s; This step = 7.173437815 s; Avg. per step = 7.445548405 s

STEP 6 starts ...
Updating pc_petsc: theta*dt = 8.862953562e-18,  coefficients: alpha = 7.059896813e-18
Newton: iteration =   0, norm = 1.74490e+15 (abs.), 1.00000e+00 (rel.)
GMRES (PETSc KSP): iter = 0, residual = 2.029750484e+15, 1 (rel.)
GMRES (PETSc KSP): iter = 1, residual = 491895.9547, 2.423430655e-10 (rel.)
GMRES (PETSc KSP): exited due to "CONVERGED_RTOL" (abs. norm=491895.9547).
Updating pc_petsc: theta*dt = 8.862953562e-18,  coefficients: alpha = 7.059896813e-18
Newton: iteration =   1, norm = 2.69543e+03 (abs.), 1.54474e-12 (rel.)
Newton: exiting at iteration =   1. Satisfied relative tolerance 1e-06
STEP 6 ends. TIME = 1.063554427e-16 DT = 1.772590712e-17
Evolve time = 44.31799044 s; This step = 7.090248417 s; Avg. per step = 7.38633174 s

STEP 7 starts ...
Updating pc_petsc: theta*dt = 8.862953562e-18,  coefficients: alpha = 7.059896813e-18
Newton: iteration =   0, norm = 1.55858e+15 (abs.), 1.00000e+00 (rel.)
GMRES (PETSc KSP): iter = 0, residual = 1.753576457e+15, 1 (rel.)
GMRES (PETSc KSP): iter = 1, residual = 444593.8508, 2.535354812e-10 (rel.)
GMRES (PETSc KSP): exited due to "CONVERGED_RTOL" (abs. norm=444593.8508).
Updating pc_petsc: theta*dt = 8.862953562e-18,  coefficients: alpha = 7.059896813e-18
Newton: iteration =   1, norm = 2.07499e+03 (abs.), 1.33133e-12 (rel.)
Newton: exiting at iteration =   1. Satisfied relative tolerance 1e-06
STEP 7 ends. TIME = 1.240813499e-16 DT = 1.772590712e-17
Evolve time = 51.4440819 s; This step = 7.12609146 s; Avg. per step = 7.349154557 s

STEP 8 starts ...
Updating pc_petsc: theta*dt = 8.862953562e-18,  coefficients: alpha = 7.059896813e-18
Newton: iteration =   0, norm = 1.41398e+15 (abs.), 1.00000e+00 (rel.)
GMRES (PETSc KSP): iter = 0, residual = 1.538743253e+15, 1 (rel.)
GMRES (PETSc KSP): iter = 1, residual = 434823.4053, 2.825834683e-10 (rel.)
GMRES (PETSc KSP): exited due to "CONVERGED_RTOL" (abs. norm=434823.4053).
Updating pc_petsc: theta*dt = 8.862953562e-18,  coefficients: alpha = 7.059896813e-18
Newton: iteration =   1, norm = 2.58289e+03 (abs.), 1.82668e-12 (rel.)
Newton: exiting at iteration =   1. Satisfied relative tolerance 1e-06
STEP 8 ends. TIME = 1.41807257e-16 DT = 1.772590712e-17
Evolve time = 58.6120967 s; This step = 7.168014801 s; Avg. per step = 7.326512088 s

STEP 9 starts ...
Updating pc_petsc: theta*dt = 8.862953562e-18,  coefficients: alpha = 7.059896813e-18
Newton: iteration =   0, norm = 1.47440e+15 (abs.), 1.00000e+00 (rel.)
GMRES (PETSc KSP): iter = 0, residual = 1.624388866e+15, 1 (rel.)
GMRES (PETSc KSP): iter = 1, residual = 439391.5833, 2.704965494e-10 (rel.)
GMRES (PETSc KSP): exited due to "CONVERGED_RTOL" (abs. norm=439391.5833).
Updating pc_petsc: theta*dt = 8.862953562e-18,  coefficients: alpha = 7.059896813e-18
Newton: iteration =   1, norm = 4.08968e+03 (abs.), 2.77379e-12 (rel.)
Newton: exiting at iteration =   1. Satisfied relative tolerance 1e-06
STEP 9 ends. TIME = 1.595331641e-16 DT = 1.772590712e-17
Evolve time = 65.78535423 s; This step = 7.173257525 s; Avg. per step = 7.309483803 s

STEP 10 starts ...
Updating pc_petsc: theta*dt = 8.862953562e-18,  coefficients: alpha = 7.059896813e-18
Newton: iteration =   0, norm = 1.61399e+15 (abs.), 1.00000e+00 (rel.)
GMRES (PETSc KSP): iter = 0, residual = 1.820967203e+15, 1 (rel.)
GMRES (PETSc KSP): iter = 1, residual = 455212.2175, 2.499837541e-10 (rel.)
GMRES (PETSc KSP): exited due to "CONVERGED_RTOL" (abs. norm=455212.2175).
Updating pc_petsc: theta*dt = 8.862953562e-18,  coefficients: alpha = 7.059896813e-18
Newton: iteration =   1, norm = 5.92124e+02 (abs.), 3.66870e-13 (rel.)
Newton: exiting at iteration =   1. Satisfied relative tolerance 1e-06
STEP 10 ends. TIME = 1.772590712e-16 DT = 1.772590712e-17
Evolve time = 72.9575013 s; This step = 7.172147073 s; Avg. per step = 7.29575013 s


**** WARNINGS ******************************************************************
* GLOBAL warning list  after  [ THE END ]
*
* --> [!! ] [ImplicitSolver] [raised 64 times]
*     Particle-suppressed JFNK (e.g., theta-implicit evolve with newton
*     nonlinear solver) is being used with a charge-conserving deposition
*     (esirkepov or villasenor) and particle_shape = 1.
*     Some particle orbits may not converge!!!
*     Consider using particle_shape > 1.
*     @ Raised by: ALL
*
********************************************************************************

Total Time                     : 73.11198163
****************************************************************************************************************************************************************
***                                WIDEN YOUR WINDOW TO 160 CHARACTERS.  Use 'enscript -r -fCourier9' to print this document                                 ***
****************************************************************************************************************************************************************

------------------------------------------------------------------ PETSc Performance Summary: ------------------------------------------------------------------

/g/g92/ghosh5/Codes/WarpX-builds/dane/build/bin/warpx.3d on a arch-opt-quartz-mvapich2 named dane74 with 64 processes, by ghosh5 on Thu Oct 30 14:09:49 2025
Using PETSc Release Version 3.23.6, unknown

                         Max       Max/Min     Avg       Total
Time (sec):           7.312e+01     1.000   7.312e+01
Objects:              0.000e+00     0.000   0.000e+00
Flops:                2.721e+05     1.000   2.721e+05  1.742e+07
Flops/sec:            3.722e+03     1.000   3.722e+03  2.382e+05
MPI Msg Count:        4.000e+01     1.250   3.800e+01  2.432e+03
MPI Msg Len (bytes):  6.328e+03     1.348   1.441e+02  3.505e+05
MPI Reductions:       9.800e+01     1.000

Flop counting convention: 1 flop = 1 real number operation of type (multiply/divide/add/subtract)
                            e.g., VecAXPY() for real vectors of length N --> 2N flops
                            and VecAXPY() for complex vectors of length N --> 8N flops

Summary of Stages:   ----- Time ------  ----- Flop ------  --- Messages ---  -- Message Lengths --  -- Reductions --
                        Avg     %Total     Avg     %Total    Count   %Total     Avg         %Total    Count   %Total
 0:      Main Stage: 7.3119e+01 100.0%  1.7416e+07 100.0%  2.432e+03 100.0%  1.441e+02      100.0%  8.000e+01  81.6%

------------------------------------------------------------------------------------------------------------------------
See the 'Profiling' chapter of the users' manual for details on interpreting output.
Phase summary info:
   Count: number of times phase was executed
   Time and Flop: Max - maximum over all processors
                  Ratio - ratio of maximum to minimum over all processors
   Mess: number of messages sent
   AvgLen: average message length (bytes)
   Reduct: number of global reductions
   Global: entire computation
   Stage: stages of a computation. Set stages with PetscLogStagePush() and PetscLogStagePop().
      %T - percent time in this phase         %F - percent flop in this phase
      %M - percent messages in this phase     %L - percent message lengths in this phase
      %R - percent reductions in this phase
   Total Mflop/s: 1e-6 * (sum of flop over all processors)/(max time over all processors)
------------------------------------------------------------------------------------------------------------------------
Event                Count      Time (sec)     Flop                              --- Global ---  --- Stage ----  Total
                   Max Ratio  Max     Ratio   Max  Ratio  Mess   AvgLen  Reduct  %T %F %M %L %R  %T %F %M %L %R Mflop/s
------------------------------------------------------------------------------------------------------------------------

--- Event Stage 0: Main Stage

BuildTwoSided         11 1.0 5.5759e-03 4.1 0.00e+00 0.0 1.2e+03 4.0e+00 1.1e+01  0  0 50  1 11   0  0 50  1 14     0
BuildTwoSidedF        10 1.0 4.7925e-03 3.6 0.00e+00 0.0 0.0e+00 0.0e+00 1.0e+01  0  0  0  0 10   0  0  0  0 12     0
VecMDot               10 1.0 2.4321e-03 4.0 3.89e+04 1.0 0.0e+00 0.0e+00 1.0e+01  0 14  0  0 10   0 14  0  0 12  1023
VecNorm               20 1.0 4.4808e-02 10.7 7.77e+04 1.0 0.0e+00 0.0e+00 2.0e+01  0 29  0  0 20   0 29  0  0 25   111
VecScale              20 1.0 4.0531e-05 1.6 3.89e+04 1.0 0.0e+00 0.0e+00 0.0e+00  0 14  0  0  0   0 14  0  0  0 61393
VecCopy               50 1.0 1.4997e-04 1.8 0.00e+00 0.0 0.0e+00 0.0e+00 0.0e+00  0  0  0  0  0   0  0  0  0  0     0
VecSet                20 1.0 5.3406e-05 1.9 0.00e+00 0.0 0.0e+00 0.0e+00 0.0e+00  0  0  0  0  0   0  0  0  0  0     0
VecAXPY               10 1.0 4.8399e-05 1.7 3.89e+04 1.0 0.0e+00 0.0e+00 0.0e+00  0 14  0  0  0   0 14  0  0  0 51413
VecMAXPY              20 1.0 3.5048e-05 1.6 7.78e+04 1.0 0.0e+00 0.0e+00 0.0e+00  0 29  0  0  0   0 29  0  0  0 141997
VecNormalize          20 1.0 4.4879e-02 10.5 1.17e+05 1.0 0.0e+00 0.0e+00 2.0e+01  0 43  0  0 20   0 43  0  0 25   166
MatMult               10 1.0 7.9138e-03 1.1 0.00e+00 0.0 0.0e+00 0.0e+00 0.0e+00  0  0  0  0  0   0  0  0  0  0     0
MatSolve              20 1.0 1.5443e+00 1.3 0.00e+00 0.0 0.0e+00 0.0e+00 0.0e+00  2  0  0  0  0   2  0  0  0  0     0
MatLUFactor           10 1.0 7.1620e+01 1.0 0.00e+00 0.0 0.0e+00 0.0e+00 0.0e+00 97  0  0  0  0  97  0  0  0  0     0
MatAssemblyBegin      20 1.0 4.9219e-03 3.4 0.00e+00 0.0 0.0e+00 0.0e+00 1.0e+01  0  0  0  0 10   0  0  0  0 12     0
MatAssemblyEnd        20 1.0 1.1250e-02 1.0 0.00e+00 0.0 2.4e+03 1.4e+02 2.4e+01  0  0 100 100 24   0  0 100 100 30     0
MatGetRowIJ           10 1.0 3.5763e-06 3.8 0.00e+00 0.0 0.0e+00 0.0e+00 0.0e+00  0  0  0  0  0   0  0  0  0  0     0
MatGetLocalMat        10 1.0 1.3964e-03 1.4 0.00e+00 0.0 0.0e+00 0.0e+00 0.0e+00  0  0  0  0  0   0  0  0  0  0     0
KSPSetUp               1 1.0 2.4557e-05 2.3 0.00e+00 0.0 0.0e+00 0.0e+00 0.0e+00  0  0  0  0  0   0  0  0  0  0     0
KSPSolve              10 1.0 6.4500e+01 1.0 2.72e+05 1.0 0.0e+00 0.0e+00 3.0e+01 88 100  0  0 31  88 100  0  0 38     0
KSPGMRESOrthog        10 1.0 2.4776e-03 3.8 7.78e+04 1.0 0.0e+00 0.0e+00 1.0e+01  0 29  0  0 10   0 29  0  0 12  2008
PCSetUp               10 1.0 7.1623e+01 1.0 0.00e+00 0.0 0.0e+00 0.0e+00 2.0e+00 97  0  0  0  2  97  0  0  0  2     0
PCApply               20 1.0 1.5444e+00 1.3 0.00e+00 0.0 0.0e+00 0.0e+00 0.0e+00  2  0  0  0  0   2  0  0  0  0     0
SFSetGraph             1 1.0 1.6928e-05 1.5 0.00e+00 0.0 0.0e+00 0.0e+00 0.0e+00  0  0  0  0  0   0  0  0  0  0     0
SFSetUp                1 1.0 2.9233e-03 2.6 0.00e+00 0.0 2.4e+03 1.4e+02 1.0e+00  0  0 100 100  1   0  0 100 100  1     0
------------------------------------------------------------------------------------------------------------------------

Object Type          Creations   Destructions. Reports information only for process 0.

--- Event Stage 0: Main Stage

           Container     1              1
              Vector     9              9
              Matrix    17             17
       Krylov Solver     1              1
      Preconditioner     1              1
           Index Set     2              2
   Star Forest Graph     3              3
    Distributed Mesh     1              1
     Discrete System     1              1
           Weak Form     1              1
========================================================================================================================
Average time to get PetscTime(): 4.76837e-08
Average time for MPI_Barrier(): 9.67979e-06
Average time for zero size MPI_Send(): 5.39422e-06
#PETSc Option Table entries:
--exclusive # (source: command line)
-log_view # (source: command line)
-pc_type lu # (source: command line)
#End of PETSc Option Table entries
Compiled without FORTRAN kernels
Compiled with full precision matrices (default)
sizeof(short) 2 sizeof(int) 4 sizeof(long) 8 sizeof(void*) 8 sizeof(PetscScalar) 8 sizeof(PetscInt) 4
Configure options: --with-batch --with-cc=mpicc --with-fc=mpif90 --with-cxx=mpicxx COPTFLAGS="-O2 -std=c99" FOPTFLAGS=-O2 CXXOPTFLAGS=-O2 --with-shared-libraries --with-debugging=0 --download-make --download-cmake --download-hypre --download-superlu --download-superlu_dist --download-parmetis --download-metis --with-cxx-dialect=C++11
-----------------------------------------
Libraries compiled on 2025-09-09 00:33:16 on dane2
Machine characteristics: Linux-4.18.0-553.69.1.1toss.t4.x86_64-x86_64-with-glibc2.28
Using PETSc directory: /g/g92/ghosh5/Codes/petsc
Using PETSc arch: arch-opt-quartz-mvapich2
-----------------------------------------

Using C compiler: mpicc  -fPIC -Wall -Wwrite-strings -Wno-unknown-pragmas -Wno-lto-type-mismatch -fstack-protector -fvisibility=hidden -O2 -std=c99 
Using Fortran compiler: mpif90  -fPIC -Wall -ffree-line-length-none -ffree-line-length-0 -Wno-lto-type-mismatch -Wno-unused-dummy-argument -O2   
-----------------------------------------

Using include paths: -I/g/g92/ghosh5/Codes/petsc/include -I/g/g92/ghosh5/Codes/petsc/arch-opt-quartz-mvapich2/include
-----------------------------------------

Using C linker: mpicc
Using Fortran linker: mpif90
Using libraries: -Wl,-rpath,/g/g92/ghosh5/Codes/petsc/arch-opt-quartz-mvapich2/lib -L/g/g92/ghosh5/Codes/petsc/arch-opt-quartz-mvapich2/lib -lpetsc -Wl,-rpath,/g/g92/ghosh5/Codes/petsc/arch-opt-quartz-mvapich2/lib -L/g/g92/ghosh5/Codes/petsc/arch-opt-quartz-mvapich2/lib -Wl,-rpath,/usr/tce/packages/mvapich2/mvapich2-2.3.7-gcc-10.3.1/lib -L/usr/tce/packages/mvapich2/mvapich2-2.3.7-gcc-10.3.1/lib -Wl,-rpath,/collab/usr/global/tools/tce4/packages/gcc/gcc-10.3.1/lib/gcc/x86_64-redhat-linux/10 -L/collab/usr/global/tools/tce4/packages/gcc/gcc-10.3.1/lib/gcc/x86_64-redhat-linux/10 -Wl,-rpath,/collab/usr/global/tools/tce4/packages/gcc/gcc-10.3.1/lib/gcc -L/collab/usr/global/tools/tce4/packages/gcc/gcc-10.3.1/lib/gcc -Wl,-rpath,/collab/usr/global/tools/tce4/packages/gcc/gcc-10.3.1/lib64 -L/collab/usr/global/tools/tce4/packages/gcc/gcc-10.3.1/lib64 -Wl,-rpath,/usr/tce/packages/mkl/mkl-2022.1.0/lib/intel64 -L/usr/tce/packages/mkl/mkl-2022.1.0/lib/intel64 -Wl,-rpath,/collab/usr/global/tools/tce4/packages/gcc/gcc-10.3.1/lib -L/collab/usr/global/tools/tce4/packages/gcc/gcc-10.3.1/lib -lHYPRE -lsuperlu_dist -lsuperlu -lopenblas -lpthread -lparmetis -lmetis -lm -lX11 -ldl -lmpifort -lmpi -lgfortran -lm -lgfortran -lm -lgcc_s -lquadmath -lstdc++ -ldl
-----------------------------------------

WARNING! There are options you set that were not used!
WARNING! could be spelling mistake, etc!
There is one unused database option. It is:
Option left: name:--exclusive (no value) source: command line
Finalized PETSc.


TinyProfiler total time across processes [min...avg...max]: 73.22 ... 73.22 ... 73.22

------------------------------------------------------------------------------------------------
Name                                             NCalls  Excl. Min  Excl. Avg  Excl. Max   Max %
------------------------------------------------------------------------------------------------
KSP_impl::solve()                                    10       72.8       72.8      72.81  99.43%
FillBoundary_finish()                              1082    0.02108    0.09504     0.1237   0.17%
KSP_impl::createObjects()                             1    0.05976    0.05988     0.0615   0.08%
NewtonSolver::Solve()                                10   0.000489  0.0008276    0.02086   0.03%
main()                                                1   0.009426     0.0118    0.02024   0.03%
WarpX::InitData()                                     1   0.001117   0.001525     0.0181   0.02%
WarpX::ProjectionDivCleanB()                          1   0.002126   0.002346   0.002927   0.00%
WarpX::Evolve::step                                  10  0.0004322  0.0005306  0.0006598   0.00%
MLMG::solve()                                         1   0.000155  0.0002824  0.0004569   0.00%
MLMG::oneIter()                                       7  0.0001208  0.0001475  0.0002218   0.00%
WarpX::Evolve()                                       1   4.54e-05  0.0001178  0.0001661   0.00%
ablastr::utils::communication::FillBoundary         308  0.0001227   0.000133  0.0001578   0.00%
FabArray::FillBoundaryAndSync()                     308  9.859e-05   0.000108  0.0001148   0.00%
FillBoundaryAndSync_finish()                        308  6.904e-05  7.396e-05  8.172e-05   0.00%
ThetaImplicitEM::OneStep()                           10  4.665e-05  5.124e-05  6.947e-05   0.00%
MLMG::mgFcycle()                                      7  1.824e-05  1.978e-05  2.531e-05   0.00%
WarpX::OneStep()                                     10  7.672e-06  1.063e-05   1.46e-05   0.00%
REG::WarpX::Evolve()                                  1   8.48e-07  1.011e-06  1.389e-06   0.00%
Other                                             12025    0.08766     0.1262     0.1743   0.24%
------------------------------------------------------------------------------------------------

------------------------------------------------------------------------------------------------
Name                                             NCalls  Incl. Min  Incl. Avg  Incl. Max   Max %
------------------------------------------------------------------------------------------------
main()                                                1       73.1       73.1      73.11  99.85%
REG::WarpX::Evolve()                                  1      72.96      72.96      72.96  99.64%
WarpX::Evolve()                                       1      72.96      72.96      72.96  99.64%
WarpX::Evolve::step                                  10      72.96      72.96      72.96  99.64%
WarpX::OneStep()                                     10      72.96      72.96      72.96  99.64%
ThetaImplicitEM::OneStep()                           10      72.96      72.96      72.96  99.64%
NewtonSolver::Solve()                                10      72.93      72.93      72.95  99.62%
KSP_impl::solve()                                    10      72.84      72.84      72.84  99.48%
WarpX::InitData()                                     1     0.1322      0.134     0.1341   0.18%
WarpX::ProjectionDivCleanB()                          1    0.07638      0.127      0.128   0.17%
FillBoundary_finish()                              1082    0.02108    0.09504     0.1237   0.17%
ablastr::utils::communication::FillBoundary         308    0.02327    0.09425    0.09629   0.13%
FabArray::FillBoundaryAndSync()                     308    0.02313    0.09412    0.09615   0.13%
FillBoundaryAndSync_finish()                        308   0.008346    0.07965    0.08691   0.12%
MLMG::solve()                                         1     0.0667    0.06968    0.06989   0.10%
MLMG::oneIter()                                       7    0.06497    0.06513    0.06538   0.09%
MLMG::mgFcycle()                                      7    0.06482    0.06497    0.06521   0.09%
KSP_impl::createObjects()                             1    0.05976    0.05988    0.06151   0.08%
Other                                             12025     0.5163     0.6031     0.7278   0.99%
------------------------------------------------------------------------------------------------



BEGIN REGION WarpX::Evolve()

--------------------------------------------------------------------------------------------
Name                                         NCalls  Excl. Min  Excl. Avg  Excl. Max   Max %
--------------------------------------------------------------------------------------------
KSP_impl::solve()                                10       72.8       72.8      72.81  99.43%
NewtonSolver::Solve()                            10   0.000489  0.0008276    0.02086   0.03%
WarpX::Evolve::step                              10  0.0004322  0.0005306  0.0006598   0.00%
WarpX::Evolve()                                   1   4.54e-05  0.0001178  0.0001661   0.00%
ThetaImplicitEM::OneStep()                       10  4.665e-05  5.124e-05  6.947e-05   0.00%
WarpX::OneStep()                                 10  7.672e-06  1.063e-05   1.46e-05   0.00%
REG::WarpX::Evolve()                              1   8.48e-07  1.011e-06  1.389e-06   0.00%
Other                                          5972     0.1196     0.1518     0.1643   0.22%
--------------------------------------------------------------------------------------------

--------------------------------------------------------------------------------------------
Name                                         NCalls  Incl. Min  Incl. Avg  Incl. Max   Max %
--------------------------------------------------------------------------------------------
REG::WarpX::Evolve()                              1      72.96      72.96      72.96  99.64%
WarpX::Evolve()                                   1      72.96      72.96      72.96  99.64%
WarpX::Evolve::step                              10      72.96      72.96      72.96  99.64%
WarpX::OneStep()                                 10      72.96      72.96      72.96  99.64%
ThetaImplicitEM::OneStep()                       10      72.96      72.96      72.96  99.64%
NewtonSolver::Solve()                            10      72.93      72.93      72.95  99.62%
KSP_impl::solve()                                10      72.84      72.84      72.84  99.48%
Other                                          5972     0.3011     0.4249     0.4531   0.62%
--------------------------------------------------------------------------------------------

END REGION WarpX::Evolve()
Pinned Memory Usage:
---------------------------------------------------------------------------------------------------------------------
Name                            Nalloc  Nfree  AvgMem min  AvgMem avg  AvgMem max  MaxMem min  MaxMem avg  MaxMem max
---------------------------------------------------------------------------------------------------------------------
The_Pinned_Arena::Initialize()      64     64     219   B     431   B     487   B    8192 KiB    8192 KiB    8192 KiB
WarpX::InitData()                  384    384     670   B     670   B     670   B     672   B     672   B     672   B
main()                            5312   5312     223   B     223   B     223   B     224   B     224   B     224   B
Unprofiled                        1920   1920       0   B       0   B       0   B      32   B      32   B      32   B
---------------------------------------------------------------------------------------------------------------------

Cpu Memory Usage:
----------------------------------------------------------------------------------------------------------------------
Name                            Nalloc   Nfree  AvgMem min  AvgMem avg  AvgMem max  MaxMem min  MaxMem avg  MaxMem max
----------------------------------------------------------------------------------------------------------------------
ThetaImplicitEM::Define()         1536    1536     145 KiB     145 KiB     145 KiB     145 KiB     145 KiB     145 KiB
WarpX::InitData()                  960     960     123 KiB     123 KiB     123 KiB     123 KiB     123 KiB     123 KiB
JacobianFunctionMF::::define()     768     768      60 KiB      60 KiB      60 KiB      60 KiB      60 KiB      60 KiB
NewtonSolver::Define()             576     576      45 KiB      45 KiB      45 KiB      45 KiB      45 KiB      45 KiB
MLMG::prepareForSolve()            768     768      30   B      30   B      30   B      32 KiB      32 KiB      32 KiB
KSP_impl::createObjects()          384     384      30 KiB      30 KiB      30 KiB      30 KiB      30 KiB      30 KiB
BndryData::define()                768     768      18   B      18   B      19   B      19 KiB      19 KiB      19 KiB
WarpX::ProjectionDivCleanB()       128     128      16   B      26   B      27   B      15 KiB      15 KiB      15 KiB
FillBoundary_nowait()           138496  138496       4   B      13   B      14   B      11 KiB      11 KiB      12 KiB
OwnerMask()                        192     192    7746   B    7746   B    7747   B    7776   B    7776   B    7776   B
MLCellLinOp::defineAuxData()      2304    2304       5   B       5   B       5   B    6048   B    6048   B    6048   B
MLCGSolver::bicgstab              6720    6720       0   B       0   B       0   B    1216   B    1216   B    1216   B
MLMG::actualBottomSolve()         1344    1344       0   B       0   B       0   B      64   B      64   B      64   B
MLCellLinOp::applyBC()           40192   40192       0   B       0   B       0   B       8   B       8   B       8   B
----------------------------------------------------------------------------------------------------------------------

AMReX (25.10-33-ga3892dee9444) finalized
