jobid: f2xPbKZSZ3xs
4.355s: flux-shell[0]: mpibind: 
mpibind: task   0 nths  1 gpus 0 cpus 1
mpibind: task   1 nths  1 gpus 1 cpus 25
mpibind: task   2 nths  1 gpus 2 cpus 49
mpibind: task   3 nths  1 gpus 3 cpus 73
Initializing AMReX (26.03-87-g4039a8e99f94)...
MPI initialized with 4 MPI processes
MPI initialized with thread support level 3
Initializing HIP...
HIP initialized with 4 devices.
AMReX (26.03-87-g4039a8e99f94) initialized
Initialized PETSc.
WarpX (26.03-21-gad94535c0235)

                                   ___
    __        __             ___  /  /
    \ \      / /_ _ _ __ _ __\  \/  /
     \ \ /\ / / _` | '__| '_ \\    /
      \ V  V / (_| | |  | |_) /    \
       \_/\_/ \__,_|_|  | .__/__/\  \
                        |_|       \__\

Level 0: dt = 1.772590712e-18 ; dx = 2.075817682e-10 ; dz = 2.075817682e-10
Defined DOF object for linear solves (total DOFs = 196608).
KSP_impl: Initialized PETSc's KSP solver.

Grids Summary:
  Level 0   4 grids  65536 cells  100 % of domain
            smallest grid: 128 x 128  biggest grid: 128 x 128

-------------------------------------------------------------------------------
--------------------------- MAIN EM PIC PARAMETERS ----------------------------
-------------------------------------------------------------------------------
Precision:            | DOUBLE
Particle precision:   | DOUBLE
Geometry:             | 2D (XZ)
Operation mode:       | Electromagnetic
                      | - vacuum
-------------------------------------------------------------------------------
Current Deposition:   | Villasenor 
Guard cells           | - ng_alloc_J  = (2,2)
 (allocated for J)    | 
Particle Pusher:      | Boris 
Charge Deposition:    | standard 
Field Gathering:      | energy-conserving 
Particle Shape Factor:| 2
-------------------------------------------------------------------------------
Maxwell Solver:       | Yee 
-------------------------------------------------------------------------------

-----------------------------------------------------------
----------- THETA IMPLICIT EM SOLVER PARAMETERS -----------
-----------------------------------------------------------
Time-bias parameter theta:           0.5
max particle iterations:             21
particle relative tolerance:         1e-12
use particle suborbits:              false
print unconverged particle details:  false
Nonlinear solver type:               newton
use mass matrices:                   false
Newton verbose:             true
Newton max iterations:      100
Newton relative tolerance:  0.0001
Newton absolute tolerance:  0
Newton require convergence: false
Newton linear solver:       petsc_ksp
Linear solver (petsc_ksp) verbose:            2
Linear solver (petsc_ksp) restart length:     30
Linear solver (petsc_ksp) max iterations:     100
Linear solver (petsc_ksp) relative tolerance: 1e-06
Linear solver (petsc_ksp) absolute tolerance: 0
Preconditioner type:      pc_petsc
pc_petsc verbose:                true
pc_petsc pc_diagonal_only:       false
pc_petsc include_mass_matrices:  false
-----------------------------------------------------------

For full input parameters, see the file: warpx_used_inputs

STEP 1 starts ...
Newton: iteration =   0, norm = 5.46758e+11 (abs.), 1.00000e+00 (rel.)
Updating pc_petsc: theta*dt = 8.862953562e-19,  coefficients: alpha = 7.059896813e-20
Updating pc_petsc: theta*dt = 8.862953562e-19,  coefficients: alpha = 7.059896813e-20
KSP_impl: Using PETSc preconditioner - asm.
Mat Object: 4 MPI processes
  type: mpiaijhipsparse
  rows=196608, cols=196608
  total: nonzeros=1245184, allocated nonzeros=1245184
  total number of mallocs used during MatSetValues calls=0
    not using I-node (on process 0) routines
Mat Object: 1 MPI process
  type: seqaij
  rows=104125, cols=104125
  total: nonzeros=656561, allocated nonzeros=656561
  total number of mallocs used during MatSetValues calls=0
    not using I-node routines
Mat Object: 1 MPI process
  type: seqaij
  rows=105025, cols=105025
  total: nonzeros=662081, allocated nonzeros=662081
  total number of mallocs used during MatSetValues calls=0
    not using I-node routines
Mat Object: 1 MPI process
  type: seqaij
  rows=102981, cols=102981
  total: nonzeros=649333, allocated nonzeros=649333
  total number of mallocs used during MatSetValues calls=0
    not using I-node routines
Mat Object: 1 MPI process
  type: seqaij
  rows=104125, cols=104125
  total: nonzeros=656561, allocated nonzeros=656561
  total number of mallocs used during MatSetValues calls=0
    not using I-node routines
GMRES (PETSc KSP): iter = 0, residual = 5.467575998e+11, 1 (rel.)
GMRES (PETSc KSP): iter = 1, residual = 399343884.8, 0.0007303856132 (rel.)
GMRES (PETSc KSP): iter = 2, residual = 259231.3974, 4.741249093e-07 (rel.)
GMRES (PETSc KSP): exited due to "CONVERGED_RTOL" (abs. norm=259231.3974).
Newton: iteration =   1, norm = 5.66411e+07 (abs.), 1.03595e-04 (rel.)
Updating pc_petsc: theta*dt = 8.862953562e-19,  coefficients: alpha = 7.059896813e-20
Mat Object: 4 MPI processes
  type: mpiaijhipsparse
  rows=196608, cols=196608
  total: nonzeros=1245184, allocated nonzeros=1245184
  total number of mallocs used during MatSetValues calls=0
    not using I-node (on process 0) routines
GMRES (PETSc KSP): iter = 0, residual = 56641139.16, 1 (rel.)
GMRES (PETSc KSP): iter = 1, residual = 32609.9349, 0.0005757287967 (rel.)
GMRES (PETSc KSP): iter = 2, residual = 22.20372855, 3.920070973e-07 (rel.)
GMRES (PETSc KSP): exited due to "CONVERGED_RTOL" (abs. norm=22.20372855).
Newton: iteration =   2, norm = 7.64669e+03 (abs.), 1.39855e-08 (rel.)
Newton: exiting at iteration =   2. Satisfied relative tolerance 0.0001


**** WARNINGS ******************************************************************
* GLOBAL warning list  after  [ FIRST STEP ]
*
* No recorded warnings.
********************************************************************************

STEP 1 ends. TIME = 1.772590712e-18 DT = 1.772590712e-18
Evolve time = 5.307583245 s; This step = 5.307583245 s; Avg. per step = 5.307583245 s

STEP 2 starts ...
Newton: iteration =   0, norm = 9.33738e+11 (abs.), 1.00000e+00 (rel.)
Updating pc_petsc: theta*dt = 8.862953562e-19,  coefficients: alpha = 7.059896813e-20
Mat Object: 4 MPI processes
  type: mpiaijhipsparse
  rows=196608, cols=196608
  total: nonzeros=1245184, allocated nonzeros=1245184
  total number of mallocs used during MatSetValues calls=0
    not using I-node (on process 0) routines
GMRES (PETSc KSP): iter = 0, residual = 9.337379275e+11, 1 (rel.)
GMRES (PETSc KSP): iter = 1, residual = 1008618410, 0.001080194324 (rel.)
GMRES (PETSc KSP): iter = 2, residual = 774333.53, 8.292835787e-07 (rel.)
GMRES (PETSc KSP): exited due to "CONVERGED_RTOL" (abs. norm=774333.53).
Newton: iteration =   1, norm = 8.89739e+08 (abs.), 9.52879e-04 (rel.)
Updating pc_petsc: theta*dt = 8.862953562e-19,  coefficients: alpha = 7.059896813e-20
Mat Object: 4 MPI processes
  type: mpiaijhipsparse
  rows=196608, cols=196608
  total: nonzeros=1245184, allocated nonzeros=1245184
  total number of mallocs used during MatSetValues calls=0
    not using I-node (on process 0) routines
GMRES (PETSc KSP): iter = 0, residual = 889739330.8, 1 (rel.)
GMRES (PETSc KSP): iter = 1, residual = 498329.6437, 0.0005600849894 (rel.)
GMRES (PETSc KSP): iter = 2, residual = 326.5520275, 3.670198857e-07 (rel.)
GMRES (PETSc KSP): exited due to "CONVERGED_RTOL" (abs. norm=326.5520275).
Newton: iteration =   2, norm = 1.01485e+05 (abs.), 1.08686e-07 (rel.)
Newton: exiting at iteration =   2. Satisfied relative tolerance 0.0001
STEP 2 ends. TIME = 3.545181425e-18 DT = 1.772590712e-18
Evolve time = 6.87428622 s; This step = 1.566702975 s; Avg. per step = 3.43714311 s

STEP 3 starts ...
Newton: iteration =   0, norm = 8.82989e+11 (abs.), 1.00000e+00 (rel.)
Updating pc_petsc: theta*dt = 8.862953562e-19,  coefficients: alpha = 7.059896813e-20
Mat Object: 4 MPI processes
  type: mpiaijhipsparse
  rows=196608, cols=196608
  total: nonzeros=1245184, allocated nonzeros=1245184
  total number of mallocs used during MatSetValues calls=0
    not using I-node (on process 0) routines
GMRES (PETSc KSP): iter = 0, residual = 8.829886352e+11, 1 (rel.)
GMRES (PETSc KSP): iter = 1, residual = 503552943.5, 0.0005702824742 (rel.)
GMRES (PETSc KSP): iter = 2, residual = 335804.5264, 3.803044716e-07 (rel.)
GMRES (PETSc KSP): exited due to "CONVERGED_RTOL" (abs. norm=335804.5264).
Newton: iteration =   1, norm = 1.08655e+08 (abs.), 1.23054e-04 (rel.)
Updating pc_petsc: theta*dt = 8.862953562e-19,  coefficients: alpha = 7.059896813e-20
Mat Object: 4 MPI processes
  type: mpiaijhipsparse
  rows=196608, cols=196608
  total: nonzeros=1245184, allocated nonzeros=1245184
  total number of mallocs used during MatSetValues calls=0
    not using I-node (on process 0) routines
GMRES (PETSc KSP): iter = 0, residual = 108655132.3, 1 (rel.)
GMRES (PETSc KSP): iter = 1, residual = 61399.89977, 0.0005650897335 (rel.)
GMRES (PETSc KSP): iter = 2, residual = 40.22203681, 3.701807356e-07 (rel.)
GMRES (PETSc KSP): exited due to "CONVERGED_RTOL" (abs. norm=40.22203681).
Newton: iteration =   2, norm = 6.94230e+03 (abs.), 7.86227e-09 (rel.)
Newton: exiting at iteration =   2. Satisfied relative tolerance 0.0001
STEP 3 ends. TIME = 5.317772137e-18 DT = 1.772590712e-18
Evolve time = 8.428043889 s; This step = 1.553757669 s; Avg. per step = 2.809347963 s

STEP 4 starts ...
Newton: iteration =   0, norm = 6.71797e+11 (abs.), 1.00000e+00 (rel.)
Updating pc_petsc: theta*dt = 8.862953562e-19,  coefficients: alpha = 7.059896813e-20
Mat Object: 4 MPI processes
  type: mpiaijhipsparse
  rows=196608, cols=196608
  total: nonzeros=1245184, allocated nonzeros=1245184
  total number of mallocs used during MatSetValues calls=0
    not using I-node (on process 0) routines
GMRES (PETSc KSP): iter = 0, residual = 6.71797399e+11, 1 (rel.)
GMRES (PETSc KSP): iter = 1, residual = 595156623.4, 0.0008859168319 (rel.)
GMRES (PETSc KSP): iter = 2, residual = 380187.4707, 5.659257854e-07 (rel.)
GMRES (PETSc KSP): exited due to "CONVERGED_RTOL" (abs. norm=380187.4707).
Newton: iteration =   1, norm = 4.00604e+08 (abs.), 5.96317e-04 (rel.)
Updating pc_petsc: theta*dt = 8.862953562e-19,  coefficients: alpha = 7.059896813e-20
Mat Object: 4 MPI processes
  type: mpiaijhipsparse
  rows=196608, cols=196608
  total: nonzeros=1245184, allocated nonzeros=1245184
  total number of mallocs used during MatSetValues calls=0
    not using I-node (on process 0) routines
GMRES (PETSc KSP): iter = 0, residual = 400604115.8, 1 (rel.)
GMRES (PETSc KSP): iter = 1, residual = 224175.8137, 0.0005595943848 (rel.)
GMRES (PETSc KSP): iter = 2, residual = 144.0042078, 3.594676193e-07 (rel.)
GMRES (PETSc KSP): exited due to "CONVERGED_RTOL" (abs. norm=144.0042078).
Newton: iteration =   2, norm = 5.84136e+03 (abs.), 8.69512e-09 (rel.)
Newton: exiting at iteration =   2. Satisfied relative tolerance 0.0001
--- INFO    : re-sorting particles
STEP 4 ends. TIME = 7.09036285e-18 DT = 1.772590712e-18
Evolve time = 9.995967096 s; This step = 1.567923207 s; Avg. per step = 2.498991774 s

STEP 5 starts ...
Newton: iteration =   0, norm = 6.38648e+11 (abs.), 1.00000e+00 (rel.)
Updating pc_petsc: theta*dt = 8.862953562e-19,  coefficients: alpha = 7.059896813e-20
Mat Object: 4 MPI processes
  type: mpiaijhipsparse
  rows=196608, cols=196608
  total: nonzeros=1245184, allocated nonzeros=1245184
  total number of mallocs used during MatSetValues calls=0
    not using I-node (on process 0) routines
GMRES (PETSc KSP): iter = 0, residual = 6.386477861e+11, 1 (rel.)
GMRES (PETSc KSP): iter = 1, residual = 393171103.9, 0.0006156305752 (rel.)
GMRES (PETSc KSP): iter = 2, residual = 238691.1739, 3.737446197e-07 (rel.)
GMRES (PETSc KSP): exited due to "CONVERGED_RTOL" (abs. norm=238691.1739).
Newton: iteration =   1, norm = 2.37869e+07 (abs.), 3.72457e-05 (rel.)
Newton: exiting at iteration =   1. Satisfied relative tolerance 0.0001
STEP 5 ends. TIME = 8.862953562e-18 DT = 1.772590712e-18
Evolve time = 10.80569082 s; This step = 0.809723724 s; Avg. per step = 2.161138164 s

STEP 6 starts ...
Newton: iteration =   0, norm = 7.61738e+11 (abs.), 1.00000e+00 (rel.)
Updating pc_petsc: theta*dt = 8.862953562e-19,  coefficients: alpha = 7.059896813e-20
Mat Object: 4 MPI processes
  type: mpiaijhipsparse
  rows=196608, cols=196608
  total: nonzeros=1245184, allocated nonzeros=1245184
  total number of mallocs used during MatSetValues calls=0
    not using I-node (on process 0) routines
GMRES (PETSc KSP): iter = 0, residual = 7.617378373e+11, 1 (rel.)
GMRES (PETSc KSP): iter = 1, residual = 427064684.4, 0.0005606452292 (rel.)
GMRES (PETSc KSP): iter = 2, residual = 258826.0082, 3.397835784e-07 (rel.)
GMRES (PETSc KSP): exited due to "CONVERGED_RTOL" (abs. norm=258826.0082).
Newton: iteration =   1, norm = 1.28343e+07 (abs.), 1.68487e-05 (rel.)
Newton: exiting at iteration =   1. Satisfied relative tolerance 0.0001
STEP 6 ends. TIME = 1.063554427e-17 DT = 1.772590712e-18
Evolve time = 11.60801746 s; This step = 0.80232664 s; Avg. per step = 1.934669577 s

STEP 7 starts ...
Newton: iteration =   0, norm = 8.12356e+11 (abs.), 1.00000e+00 (rel.)
Updating pc_petsc: theta*dt = 8.862953562e-19,  coefficients: alpha = 7.059896813e-20
Mat Object: 4 MPI processes
  type: mpiaijhipsparse
  rows=196608, cols=196608
  total: nonzeros=1245184, allocated nonzeros=1245184
  total number of mallocs used during MatSetValues calls=0
    not using I-node (on process 0) routines
GMRES (PETSc KSP): iter = 0, residual = 8.123564604e+11, 1 (rel.)
GMRES (PETSc KSP): iter = 1, residual = 431398719.5, 0.0005310460869 (rel.)
GMRES (PETSc KSP): iter = 2, residual = 269978.0465, 3.32339385e-07 (rel.)
GMRES (PETSc KSP): exited due to "CONVERGED_RTOL" (abs. norm=269978.0465).
Newton: iteration =   1, norm = 6.80172e+06 (abs.), 8.37282e-06 (rel.)
Newton: exiting at iteration =   1. Satisfied relative tolerance 0.0001
STEP 7 ends. TIME = 1.240813499e-17 DT = 1.772590712e-18
Evolve time = 12.42319355 s; This step = 0.815176092 s; Avg. per step = 1.774741936 s

STEP 8 starts ...
Newton: iteration =   0, norm = 7.59580e+11 (abs.), 1.00000e+00 (rel.)
Updating pc_petsc: theta*dt = 8.862953562e-19,  coefficients: alpha = 7.059896813e-20
Mat Object: 4 MPI processes
  type: mpiaijhipsparse
  rows=196608, cols=196608
  total: nonzeros=1245184, allocated nonzeros=1245184
  total number of mallocs used during MatSetValues calls=0
    not using I-node (on process 0) routines
GMRES (PETSc KSP): iter = 0, residual = 7.595803498e+11, 1 (rel.)
GMRES (PETSc KSP): iter = 1, residual = 410802544, 0.000540828293 (rel.)
GMRES (PETSc KSP): iter = 2, residual = 266746.071, 3.511755815e-07 (rel.)
GMRES (PETSc KSP): exited due to "CONVERGED_RTOL" (abs. norm=266746.071).
Newton: iteration =   1, norm = 3.79570e+07 (abs.), 4.99710e-05 (rel.)
Newton: exiting at iteration =   1. Satisfied relative tolerance 0.0001
--- INFO    : re-sorting particles
STEP 8 ends. TIME = 1.41807257e-17 DT = 1.772590712e-18
Evolve time = 13.23667848 s; This step = 0.813484924 s; Avg. per step = 1.654584809 s

STEP 9 starts ...
Newton: iteration =   0, norm = 7.00749e+11 (abs.), 1.00000e+00 (rel.)
Updating pc_petsc: theta*dt = 8.862953562e-19,  coefficients: alpha = 7.059896813e-20
Mat Object: 4 MPI processes
  type: mpiaijhipsparse
  rows=196608, cols=196608
  total: nonzeros=1245184, allocated nonzeros=1245184
  total number of mallocs used during MatSetValues calls=0
    not using I-node (on process 0) routines
GMRES (PETSc KSP): iter = 0, residual = 7.007487077e+11, 1 (rel.)
GMRES (PETSc KSP): iter = 1, residual = 2147206136, 0.003064159966 (rel.)
GMRES (PETSc KSP): iter = 2, residual = 2694508.277, 3.845184797e-06 (rel.)
GMRES (PETSc KSP): iter = 3, residual = 2109.645203, 3.010558821e-09 (rel.)
GMRES (PETSc KSP): exited due to "CONVERGED_RTOL" (abs. norm=2109.645203).
Newton: iteration =   1, norm = 2.12640e+09 (abs.), 3.03448e-03 (rel.)
Updating pc_petsc: theta*dt = 8.862953562e-19,  coefficients: alpha = 7.059896813e-20
Mat Object: 4 MPI processes
  type: mpiaijhipsparse
  rows=196608, cols=196608
  total: nonzeros=1245184, allocated nonzeros=1245184
  total number of mallocs used during MatSetValues calls=0
    not using I-node (on process 0) routines
GMRES (PETSc KSP): iter = 0, residual = 2126404674, 1 (rel.)
GMRES (PETSc KSP): iter = 1, residual = 1193953.168, 0.0005614891573 (rel.)
GMRES (PETSc KSP): iter = 2, residual = 802.1142271, 3.772161701e-07 (rel.)
GMRES (PETSc KSP): exited due to "CONVERGED_RTOL" (abs. norm=802.1142271).
Newton: iteration =   2, norm = 1.15683e+05 (abs.), 1.65085e-07 (rel.)
Newton: exiting at iteration =   2. Satisfied relative tolerance 0.0001
STEP 9 ends. TIME = 1.595331641e-17 DT = 1.772590712e-18
Evolve time = 14.81709568 s; This step = 1.580417201 s; Avg. per step = 1.646343964 s

STEP 10 starts ...
Newton: iteration =   0, norm = 7.08914e+11 (abs.), 1.00000e+00 (rel.)
Updating pc_petsc: theta*dt = 8.862953562e-19,  coefficients: alpha = 7.059896813e-20
Mat Object: 4 MPI processes
  type: mpiaijhipsparse
  rows=196608, cols=196608
  total: nonzeros=1245184, allocated nonzeros=1245184
  total number of mallocs used during MatSetValues calls=0
    not using I-node (on process 0) routines
GMRES (PETSc KSP): iter = 0, residual = 7.089144564e+11, 1 (rel.)
GMRES (PETSc KSP): iter = 1, residual = 362319182.8, 0.0005110901317 (rel.)
GMRES (PETSc KSP): iter = 2, residual = 233687.3421, 3.296411012e-07 (rel.)
GMRES (PETSc KSP): exited due to "CONVERGED_RTOL" (abs. norm=233687.3421).
Newton: iteration =   1, norm = 1.14209e+07 (abs.), 1.61104e-05 (rel.)
Newton: exiting at iteration =   1. Satisfied relative tolerance 0.0001
STEP 10 ends. TIME = 1.772590712e-17 DT = 1.772590712e-18
Evolve time = 15.61361861 s; This step = 0.796522934 s; Avg. per step = 1.561361861 s


**** WARNINGS ******************************************************************
* GLOBAL warning list  after  [ THE END ]
*
* --> [!! ] [ImplicitPushXP] [raised 55 times]
*     Picard solver for 1 particles failed to converge after 21 iterations.
*     @ Raised by: ALL
*
* --> [!! ] [ImplicitPushXP] [raised 18 times]
*     Picard solver for 2 particles failed to converge after 21 iterations.
*     @ Raised by: ALL
*
* --> [!! ] [ImplicitPushXP] [raised 4 times]
*     Picard solver for 3 particles failed to converge after 21 iterations.
*     @ Raised by: ALL
*
********************************************************************************

Total Time                     : 15.73765488
****************************************************************************************************************************************************************
***                                WIDEN YOUR WINDOW TO 160 CHARACTERS.  Use 'enscript -r -fCourier9' to print this document                                 ***
****************************************************************************************************************************************************************

------------------------------------------------------------------ PETSc Performance Summary: ------------------------------------------------------------------



      ##########################################################
      #                                                        #
      #                       WARNING!!!                       #
      #                                                        #
      #   This code was run with -log_view_gpu_time            #
      #   This provides accurate timing within the GPU kernels #
      #   but can slow down the entire computation by a        #
      #   measurable amount. For fastest runs we recommend     #
      #   not using this option.                               #
      #                                                        #
      ##########################################################


/g/g92/ghosh5/Codes/WarpX-builds/tuolumne/build/bin/warpx.2d on a arch-opt-tuolumne-hip named tuolumne1009 with 4 processes and HIP architecture 94, by ghosh5 on Mon Mar 23 17:19:03 2026
Using PETSc Development Git Revision: v3.24.0-47-g0e30de3c618 Git Date: 2025-10-08 01:09:10 -0500

                         Max       Max/Min     Avg       Total
Time (sec):           1.575e+01     1.000   1.575e+01
Objects:              0.000e+00     0.000   0.000e+00
Flops:                1.820e+10     1.028   1.801e+10  7.205e+10
Flops/sec:            1.156e+09     1.028   1.144e+09  4.576e+09
MPI Msg Count:        5.790e+02     1.010   5.760e+02  2.304e+03
MPI Msg Len (bytes):  7.119e+07     1.009   1.232e+05  2.838e+08
MPI Reductions:       2.700e+01     1.000

Flop counting convention: 1 flop = 1 real number operation of type (multiply/divide/add/subtract)
                            e.g., VecAXPY() for real vectors of length N --> 2N flops
                            and VecAXPY() for complex vectors of length N --> 8N flops

Summary of Stages:   ----- Time ------  ----- Flop ------  --- Messages ---  -- Message Lengths --  -- Reductions --
                        Avg     %Total     Avg     %Total    Count   %Total     Avg         %Total    Count   %Total
 0:      Main Stage: 1.5746e+01 100.0%  7.2054e+10 100.0%  2.304e+03 100.0%  1.232e+05      100.0%  1.000e+01  37.0%

------------------------------------------------------------------------------------------------------------------------
See the 'Profiling' chapter of the users' manual for details on interpreting output.
Phase summary info:
   Count: number of times phase was executed
   Time and Flop: Max - maximum over all processes
                  Ratio - ratio of maximum to minimum over all processes
   Mess: number of messages sent
   AvgLen: average message length (bytes)
   Reduct: number of global reductions
   Global: entire computation
   Stage: stages of a computation. Set stages with PetscLogStagePush() and PetscLogStagePop().
      %T - percent time in this phase         %F - percent flop in this phase
      %M - percent messages in this phase     %L - percent message lengths in this phase
      %R - percent reductions in this phase
   Total Mflop/s: 1e-6 * (sum of flop over all processes)/(max time over all processes)
   GPU Mflop/s: 1e-6 * (sum of flop on GPU over all processes)/(max GPU time over all processes)
   CpuToGpu Count: total number of CPU to GPU copies per processor
   CpuToGpu Size (Mbytes): 1e-6 * (total size of CPU to GPU copies per processor)
   GpuToCpu Count: total number of GPU to CPU copies per processor
   GpuToCpu Size (Mbytes): 1e-6 * (total size of GPU to CPU copies per processor)
   GPU %F: percent flops on GPU in this event
------------------------------------------------------------------------------------------------------------------------
Event                Count      Time (sec)     Flop                              --- Global ---  --- Stage ----  Total   GPU    - CpuToGpu -   - GpuToCpu - GPU
                   Max Ratio  Max     Ratio   Max  Ratio  Mess   AvgLen  Reduct  %T %F %M %L %R  %T %F %M %L %R Mflop/s Mflop/s Count   Size   Count   Size  %F
---------------------------------------------------------------------------------------------------------------------------------------------------------------

--- Event Stage 0: Main Stage

BuildTwoSided         20 1.0 2.6532e-02 5.4 0.00e+00 0.0 2.2e+01 4.0e+00 0.0e+00  0  0  1  0  0   0  0  1  0  0     0       0      0 0.00e+00    0 0.00e+00  0
BuildTwoSidedF        16 1.0 2.5912e-02 6.1 0.00e+00 0.0 0.0e+00 0.0e+00 0.0e+00  0  0  0  0  0   0  0  0  0  0     0       0      0 0.00e+00    0 0.00e+00  0
VecMDot               31 1.0 1.9588e-02 1.2 4.77e+06 1.0 0.0e+00 0.0e+00 0.0e+00  0  0  0  0  0   0  0  0  0  0   964    1495     31 1.22e+01   16 2.64e-04  100
VecNorm               46 1.0 1.7637e-02 2.2 4.57e+06 1.0 0.0e+00 0.0e+00 0.0e+00  0  0  0  0  0   0  0  0  0  0  1026    3701      1 3.93e-01    0 0.00e+00  100
VecScale              46 1.0 4.3016e-03 1.1 2.28e+06 1.0 0.0e+00 0.0e+00 0.0e+00  0  0  0  0  0   0  0  0  0  0  2102    2408      0 0.00e+00    0 0.00e+00  100
VecCopy               45 1.0 2.7458e-03 1.1 0.00e+00 0.0 0.0e+00 0.0e+00 0.0e+00  0  0  0  0  0   0  0  0  0  0     0       0     28 1.10e+01    0 0.00e+00  0
VecSet               124 1.0 2.6800e-03 1.3 0.00e+00 0.0 0.0e+00 0.0e+00 0.0e+00  0  0  0  0  0   0  0  0  0  0     0       0      0 0.00e+00    0 0.00e+00  0
VecAXPY               15 1.0 6.2698e-03 1.1 1.49e+06 1.0 0.0e+00 0.0e+00 0.0e+00  0  0  0  0  0   0  0  0  0  0   941     974      0 0.00e+00    0 0.00e+00  100
VecMAXPY              46 1.0 2.8827e-02 1.3 7.85e+06 1.0 0.0e+00 0.0e+00 0.0e+00  0  0  0  0  0   0  0  0  0  0  1078    1146     46 6.32e-04    0 0.00e+00  100
VecScatterBegin      184 1.0 3.6794e-02 1.2 2.28e+06 1.0 5.5e+02 1.5e+05 0.0e+00  0  0 24 28  0   0  0 24 28  0   246       0     47 1.83e+01   46 1.81e+01  100
VecScatterEnd        184 1.0 1.4764e-01 1.1 0.00e+00 0.0 0.0e+00 0.0e+00 0.0e+00  1  0  0  0  0   1  0  0  0  0     0       0      0 0.00e+00    0 0.00e+00  0
VecNormalize          46 1.0 2.2034e-02 1.8 6.85e+06 1.0 0.0e+00 0.0e+00 0.0e+00  0  0  0  0  0   0  0  0  0  0  1231    3139      1 3.93e-01    0 0.00e+00  100
VecHIPCopyTo          32 1.0 2.0502e-04 1.3 0.00e+00 0.0 0.0e+00 0.0e+00 0.0e+00  0  0  0  0  0   0  0  0  0  0     0       0     32 1.26e+01    0 0.00e+00  0
VecHIPCopyFrom        74 1.0 2.7774e-03 1.3 0.00e+00 0.0 0.0e+00 0.0e+00 0.0e+00  0  0  0  0  0   0  0  0  0  0     0       0      0 0.00e+00   74 2.91e+01  0
hipBLAS Init           1 1.0 5.2173e-03 1.1 0.00e+00 0.0 0.0e+00 0.0e+00 0.0e+00  0  0  0  0  0   0  0  0  0  0     0       0      0 0.00e+00    0 0.00e+00  0
DCtxCreate             2 1.0 3.3790e-05 1.5 0.00e+00 0.0 0.0e+00 0.0e+00 0.0e+00  0  0  0  0  0   0  0  0  0  0     0       0      0 0.00e+00    0 0.00e+00  0
DCtxDestroy            2 1.0 2.4951e-05 1.1 0.00e+00 0.0 0.0e+00 0.0e+00 0.0e+00  0  0  0  0  0   0  0  0  0  0     0       0      0 0.00e+00    0 0.00e+00  0
DCtxSetUp              2 1.0 2.3900e-05 1.8 0.00e+00 0.0 0.0e+00 0.0e+00 0.0e+00  0  0  0  0  0   0  0  0  0  0     0       0      0 0.00e+00    0 0.00e+00  0
DCtxSetDevice          2 1.0 1.4020e-05 1.5 0.00e+00 0.0 0.0e+00 0.0e+00 0.0e+00  0  0  0  0  0   0  0  0  0  0     0       0      0 0.00e+00    0 0.00e+00  0
DCtxFork              16 1.0 1.2631e-05 1.7 0.00e+00 0.0 0.0e+00 0.0e+00 0.0e+00  0  0  0  0  0   0  0  0  0  0     0       0      0 0.00e+00    0 0.00e+00  0
DCtxJoin              16 1.0 6.5910e-06 2.1 0.00e+00 0.0 0.0e+00 0.0e+00 0.0e+00  0  0  0  0  0   0  0  0  0  0     0       0      0 0.00e+00    0 0.00e+00  0
DCtxSync              90 1.0 6.2990e-04 1.5 0.00e+00 0.0 0.0e+00 0.0e+00 0.0e+00  0  0  0  0  0   0  0  0  0  0     0       0      0 0.00e+00    0 0.00e+00  0
DCtxMark             124 1.0 1.0235e-03 1.5 0.00e+00 0.0 0.0e+00 0.0e+00 0.0e+00  0  0  0  0  0   0  0  0  0  0     0       0      0 0.00e+00    0 0.00e+00  0
MatMult               31 1.0 3.0422e+00 1.0 0.00e+00 0.0 0.0e+00 0.0e+00 0.0e+00 19  0  0  0  0  19  0  0  0  0     0       0      0 0.00e+00   59 2.32e+01  0
MatSolve              46 1.0 3.4579e-01 1.0 7.08e+08 1.0 0.0e+00 0.0e+00 0.0e+00  2  4  0  0  0   2  4  0  0  0  8131       0      0 0.00e+00    0 0.00e+00  0
MatLUFactorSym         1 1.0 1.0879e-01 1.1 0.00e+00 0.0 0.0e+00 0.0e+00 0.0e+00  1  0  0  0  0   1  0  0  0  0     0       0      0 0.00e+00    0 0.00e+00  0
MatLUFactorNum        15 1.0 5.8994e+00 1.0 1.75e+10 1.0 0.0e+00 0.0e+00 0.0e+00 37 96  0  0  0  37 96  0  0  0 11722       0      0 0.00e+00    0 0.00e+00  0
MatAssemblyBegin      30 1.0 2.4729e-02 6.9 0.00e+00 0.0 0.0e+00 0.0e+00 0.0e+00  0  0  0  0  0   0  0  0  0  0     0       0      0 0.00e+00    0 0.00e+00  0
MatAssemblyEnd        30 1.0 1.4152e-02 1.1 0.00e+00 0.0 2.0e+01 1.0e+03 1.0e+00  0  0  1  0  4   0  0  1  0 10     0       0      0 0.00e+00    0 0.00e+00  0
MatGetRowIJ            1 1.0 5.5077e-03 2.6 0.00e+00 0.0 0.0e+00 0.0e+00 0.0e+00  0  0  0  0  0   0  0  0  0  0     0       0      0 0.00e+00    0 0.00e+00  0
MatCreateSubMats      15 1.0 1.2299e-01 1.1 0.00e+00 0.0 2.3e+02 7.6e+05 0.0e+00  1  0 10 61  0   1  0 10 61  0     0       0      0 0.00e+00    0 0.00e+00  0
MatGetOrdering         1 1.0 3.5070e-02 1.2 0.00e+00 0.0 0.0e+00 0.0e+00 0.0e+00  0  0  0  0  0   0  0  0  0  0     0       0      0 0.00e+00    0 0.00e+00  0
MatIncreaseOvrlp       1 1.0 1.6690e-01 1.0 0.00e+00 0.0 1.5e+03 1.9e+04 0.0e+00  1  0 64 10  0   1  0 64 10  0     0       0      0 0.00e+00    0 0.00e+00  0
MatView               16 1.0 1.3939e-03 1.5 0.00e+00 0.0 0.0e+00 0.0e+00 0.0e+00  0  0  0  0  0   0  0  0  0  0     0       0      0 0.00e+00    0 0.00e+00  0
KSPSetUp              15 1.0 8.8152e-05 1.2 0.00e+00 0.0 0.0e+00 0.0e+00 0.0e+00  0  0  0  0  0   0  0  0  0  0     0       0      0 0.00e+00    0 0.00e+00  0
KSPSolve              15 1.0 9.0668e+00 1.0 1.70e+10 1.0 7.2e+02 3.3e+05 0.0e+00 58 94 31 83  0  58 94 31 83  0  7439    1712    153 4.19e+01  121 4.13e+01  0
KSPGMRESOrthog        31 1.0 4.8188e-02 1.3 9.54e+06 1.0 0.0e+00 0.0e+00 0.0e+00  0  0  0  0  0   0  0  0  0  0   784     956     62 1.22e+01   16 2.64e-04  100
PCSetUp               29 1.0 5.7822e+00 1.0 1.63e+10 1.0 1.7e+03 1.2e+05 0.0e+00 36 90 75 72  0  36 90 75 72  0 11162       0      0 0.00e+00    0 0.00e+00  0
PCSetUpOnBlocks       15 1.0 5.5219e-01 1.0 1.17e+09 1.0 0.0e+00 0.0e+00 0.0e+00  3  6  0  0  0   3  6  0  0  0  8349       0      0 0.00e+00    0 0.00e+00  0
PCApply               46 1.0 6.0060e+00 1.0 1.70e+10 1.0 5.5e+02 1.5e+05 0.0e+00 38 93 24 28  0  38 93 24 28  0 11216       0     47 1.83e+01   46 1.81e+01  0
PCApplyOnBlocks       46 1.0 5.8272e+00 1.0 1.70e+10 1.0 0.0e+00 0.0e+00 0.0e+00 37 93  0  0  0  37 93  0  0  0 11558       0      0 0.00e+00    0 0.00e+00  0
SFSetGraph             4 1.0 2.1013e-03 1.1 0.00e+00 0.0 0.0e+00 0.0e+00 0.0e+00  0  0  0  0  0   0  0  0  0  0     0       0      0 0.00e+00    0 0.00e+00  0
SFSetUp                4 1.0 6.2369e-03 1.6 0.00e+00 0.0 4.4e+01 2.0e+04 0.0e+00  0  0  2  0  0   0  0  2  0  0     0       0      0 0.00e+00    0 0.00e+00  0
SFReduceBegin         46 1.0 5.0076e-03 1.4 2.28e+06 1.0 0.0e+00 0.0e+00 0.0e+00  0  0  0  0  0   0  0  0  0  0  1806       0     46 1.81e+01    0 0.00e+00  100
SFReduceEnd           46 1.0 1.8850e-05 1.4 0.00e+00 0.0 0.0e+00 0.0e+00 0.0e+00  0  0  0  0  0   0  0  0  0  0     0       0      0 0.00e+00    0 0.00e+00  0
SFPack               276 1.0 1.2141e-02 1.1 0.00e+00 0.0 0.0e+00 0.0e+00 0.0e+00  0  0  0  0  0   0  0  0  0  0     0       0      1 2.20e-01    0 0.00e+00  0
SFUnpack             276 1.0 2.7918e-03 2.1 2.28e+06 1.0 0.0e+00 0.0e+00 0.0e+00  0  0  0  0  0   0  0  0  0  0  3240       0      0 0.00e+00    0 0.00e+00  100
---------------------------------------------------------------------------------------------------------------------------------------------------------------

Object Type          Creations   Destructions. Reports information only for process 0.

--- Event Stage 0: Main Stage

           Container    12             12
              Vector    19             19
  PetscDeviceContext     2              0
              Matrix     9              9
       Krylov Solver     2              2
      Preconditioner     2              2
           Index Set    42             42
   IS L to G Mapping     1              1
   Star Forest Graph     6              6
              Viewer     2              2
    Distributed Mesh     1              1
     Discrete System     1              1
           Weak Form     1              1
========================================================================================================================
Average time to get PetscTime(): 2.8e-08
Average time for MPI_Barrier(): 5.0482e-06
Average time for zero size MPI_Send(): 2.13077e-05
#PETSc Option Table entries:
-log_view # (source: command line)
-log_view_gpu_time # (source: command line)
-mat_view ::ascii_info # (source: command line)
-pc_asm_overlap 32 # (source: command line)
-pc_type asm # (source: command line)
-sub_pc_type lu # (source: command line)
#End of PETSc Option Table entries
Compiled without FORTRAN kernels
Compiled with full precision matrices (default)
sizeof(short) 2 sizeof(int) 4 sizeof(long) 8 sizeof(void*) 8 sizeof(PetscScalar) 8 sizeof(PetscInt) 4
Configure options: --with-make-np=32 --with-batch --with-mpi-dir=/usr/tce/packages/cray-mpich/cray-mpich-9.0.1-rocmcc-6.4.0-cce-19.0.0d-magic --with-hip-dir=/opt/rocm-6.4.0 COPTFLAGS="-g -O3" FOPTFLAGS="-g -O3" CXXOPTFLAGS="-g -O2" HIPOPTFLAGS="-g -O3" --with-cuda=0 --with-hip=1 --with-clanguage=c --with-debugging=0 --download-kokkos --download-kokkos-kernels --with-fortran-bindings=0
-----------------------------------------
Libraries compiled on 2025-10-10 21:23:36 on tuolumne1003
Machine characteristics: Linux-4.18.0-553.74.1.1toss.t4.x86_64-x86_64-with-glibc2.28
Using PETSc directory: /g/g92/ghosh5/Codes/petsc
Using PETSc arch: arch-opt-tuolumne-hip
-----------------------------------------

Using C compiler: /usr/tce/packages/cray-mpich/cray-mpich-9.0.1-rocmcc-6.4.0-cce-19.0.0d-magic/bin/mpicc  -fPIC -Wall -Wwrite-strings -Wno-unknown-pragmas -Wconversion -Wno-sign-conversion -Wno-float-conversion -Wno-implicit-float-conversion -fstack-protector -Qunused-arguments -fvisibility=hidden -g -O3 
Using Fortran compiler: /usr/tce/packages/cray-mpich/cray-mpich-9.0.1-rocmcc-6.4.0-cce-19.0.0d-magic/bin/mpif90  -fPIC -g -O3   
-----------------------------------------

Using include paths: -I/g/g92/ghosh5/Codes/petsc/include -I/g/g92/ghosh5/Codes/petsc/arch-opt-tuolumne-hip/include -I/usr/tce/packages/cray-mpich/cray-mpich-9.0.1-rocmcc-6.4.0-cce-19.0.0d-magic/include -I/opt/rocm-6.4.0/include
-----------------------------------------

Using C linker: /usr/tce/packages/cray-mpich/cray-mpich-9.0.1-rocmcc-6.4.0-cce-19.0.0d-magic/bin/mpicc
Using Fortran linker: /usr/tce/packages/cray-mpich/cray-mpich-9.0.1-rocmcc-6.4.0-cce-19.0.0d-magic/bin/mpif90
Using libraries: -Wl,-rpath,/g/g92/ghosh5/Codes/petsc/arch-opt-tuolumne-hip/lib -L/g/g92/ghosh5/Codes/petsc/arch-opt-tuolumne-hip/lib -lpetsc -Wl,-rpath,/g/g92/ghosh5/Codes/petsc/arch-opt-tuolumne-hip/lib -L/g/g92/ghosh5/Codes/petsc/arch-opt-tuolumne-hip/lib -Wl,-rpath,/opt/rocm-6.4.0/lib -L/opt/rocm-6.4.0/lib -Wl,-rpath,/opt/rh/gcc-toolset-13/root/usr/lib64:/usr/tce/packages/tce-wrapper-drivers/gcc-13/lib64 -Wl,-rpath,/opt/cray/pe/mpich/9.0.1/ofi/cray/20.0/lib -Wl,-rpath,/opt/cray/libfabric/2.1/lib64:/opt/cray/pe/pmi/6.1.16/lib:/opt/cray/pe/pals/1.2.12/lib:/opt/cray/pe/cce/19.0.0/cce/x86_64/lib:/opt/rocm-6.4.0/llvm/lib -Wl,-rpath,/opt/cray/pe/mpich/9.0.1/gtl/lib -L/opt/cray/pe/mpich/9.0.1/gtl/lib -L/opt/cray/pe/mpich/9.0.1/ofi/cray/20.0/lib -Wl,-rpath,/opt/rocm-6.4.0/hip/lib -L/opt/rocm-6.4.0/hip/lib -Wl,-rpath,/opt/rocm-6.4.0/lib64 -L/opt/rocm-6.4.0/lib64 -Wl,-rpath,/opt/rocm-6.4.0/hip/lib:/opt/rocm-6.4.0/lib:/opt/rocm-6.4.0/lib64 -Wl,-rpath,/opt/cray/pe/cce/19.0.0/cce/x86_64/lib -L/opt/cray/pe/cce/19.0.0/cce/x86_64/lib -Wl,-rpath,/opt/cray/pe/cce/19.0.0/cce-clang/x86_64/lib/clang/19/lib/linux -L/opt/cray/pe/cce/19.0.0/cce-clang/x86_64/lib/clang/19/lib/linux -Wl,-rpath,/opt/cray/pe/cce/19.0.0/cce-clang/x86_64/lib -L/opt/cray/pe/cce/19.0.0/cce-clang/x86_64/lib -Wl,-rpath,/opt/rh/gcc-toolset-13/root/usr/lib/gcc/x86_64-redhat-linux/13 -L/opt/rh/gcc-toolset-13/root/usr/lib/gcc/x86_64-redhat-linux/13 -Wl,-rpath,/opt/cray/pe/cce/19.0.0/binutils/x86_64/lib -L/opt/cray/pe/cce/19.0.0/binutils/x86_64/lib -L/opt/rh/gcc-toolset-13/root/usr/lib64:/usr/tce/packages/tce-wrapper-drivers/gcc-13/lib64 -Wl,-rpath,/opt/cray/pe/libsci/25.03.0/CRAY/18.0/x86_64/lib -L/opt/cray/pe/libsci/25.03.0/CRAY/18.0/x86_64/lib -Wl,-rpath,/opt/cray/pe/cce/19.0.0/cce/x86_64/bin/../../../../../libsci/25.03.0/CRAY/18.0/x86_64/lib -L/opt/cray/pe/cce/19.0.0/cce/x86_64/bin/../../../../../libsci/25.03.0/CRAY/18.0/x86_64/lib -lkokkoskernels -lkokkoscontainers -lkokkoscore -lkokkossimd -llapack -lblas -lpthread -lm -lhipsparse -lhipblas -lhipsolver -lrocsparse -lrocsolver -lrocblas -lrocrand -lamdhip64 -lhsa-runtime64 -lX11 -ldl -lxpmem -lmpifort_cray -lmpi_cray -lmpi_gtl_hsa -lhugetlbfs -lamdhip64 -lhsakmt -lhsa-runtime64 -lamd_comgr -lquadmath -lmodules -lfi -lcraymath -lf -lu -lcsup -lgfortran -lpthread -lm -lclang_rt.craypgo-x86_64 -lclang_rt.builtins-x86_64 -lunwind -lstdc++ -ldl
-----------------------------------------

Finalized PETSc.


TinyProfiler total time across processes [min...avg...max]: 15.78 ... 15.79 ... 15.79

----------------------------------------------------------------------------------------------------------
Name                                                       NCalls  Excl. Min  Excl. Avg  Excl. Max   Max %
----------------------------------------------------------------------------------------------------------
KSP_impl::solve()                                              15      6.791      6.867      6.934  43.93%
WarpXParticleContainer::DepositCurrent::CurrentDeposition     112      3.928      4.238      4.513  28.59%
amrex::communicateParticlesFinish                              22      1.342      2.218      2.738  17.35%
amrex::communicateParticlesStart                               22  0.0008976     0.4865      1.397   8.85%
FillBoundary_finish()                                         765      0.223     0.6027      1.027   6.51%
PhysicalParticleContainer::Evolve::GatherAndPush              112     0.6925     0.7028     0.7126   4.51%
PETScSolver_impl::assemblePCMatrix()                           15     0.2305     0.2313      0.232   1.47%
FillBoundary_nowait()                                         765    0.03188    0.06657     0.1628   1.03%
ParticleCopyPlan::doHandShake                                  22   0.002727    0.03718     0.1387   0.88%
PhysicalParticleContainer::AddPlasma()                          2    0.07929    0.07939    0.07948   0.50%
DenseBins<T>::buildGPU                                          6    0.02802    0.02856    0.02906   0.18%
ThetaImplicitEM::OneStep()                                     10    0.02599    0.02693    0.02776   0.18%
FabArray::setVal()                                            576    0.01219    0.01366    0.01624   0.10%
main()                                                          1    0.01175    0.01182    0.01186   0.08%
WarpX::InitData()                                               1   0.003161   0.004976    0.01038   0.07%
NewtonSolver::Solve()                                          10   0.006274   0.008204   0.009624   0.06%
ParticleContainer::SortParticlesByBin()                         4   0.007434   0.007794   0.008106   0.05%
JacobianFunctionMF::apply()                                    31   0.005943    0.00641   0.006847   0.04%
warpx_petsc::copyVec()                                        107   0.003998   0.004366   0.004839   0.03%
ParticleContainer::RedistributeGPU()                           22   0.003486   0.003718    0.00393   0.02%
WarpXSolverVec::copyFrom                                       46   0.002668   0.002923   0.003505   0.02%
ParticleCopyPlan::build                                        22    0.00185   0.002055   0.002362   0.01%
PhysicalParticleContainer::Evolve()                           112   0.001747   0.001914    0.00216   0.01%
ThetaImplicitEM::UpdateWarpXFields()                           66   0.001301    0.00137   0.001468   0.01%
ImplicitSolver::PreRHSOp()                                     56   0.001173   0.001228   0.001345   0.01%
FabArray::FillBoundaryAndSync()                               597   0.001015   0.001076   0.001218   0.01%
FillBoundaryAndSync_nowait()                                  597   0.000602  0.0007607  0.0009606   0.01%
WarpX::Evolve::step                                            10  0.0005956  0.0006802  0.0008323   0.01%
ablastr::utils::communication::FillBoundary                   456  0.0006126  0.0006756  0.0008037   0.01%
FillBoundaryAndSync_finish()                                  597  0.0005549  0.0005992  0.0006615   0.00%
ParticleCopyPlan::buildMPIStart                                22  0.0005347  0.0005674  0.0006267   0.00%
warpx_petsc::applyMatOp()                                      31  0.0003725  0.0004306  0.0004961   0.00%
WarpX::SyncCurrent()                                           56  0.0002729  0.0002952  0.0003338   0.00%
ThetaImplicitEM::ComputeRHS()                                  56   0.000276  0.0003017  0.0003218   0.00%
FabArray<FAB>::SumBoundary()                                  168   0.000257   0.000277  0.0003048   0.00%
ablastr::utils::communication::SumBoundary                    168   0.000187  0.0002119  0.0002565   0.00%
NewtonSolver::EvalResidual()                                   25  0.0001797  0.0001983  0.0002206   0.00%
FabArray<FAB>::SumBoundary_finish()                           168  0.0001536  0.0001657  0.0001959   0.00%
PETScSolver_impl::applyOp()                                    31  0.0001519  0.0001661  0.0001852   0.00%
WarpX::Evolve()                                                 1  8.547e-05  0.0001068  0.0001391   0.00%
WarpX::OneStep()                                               10  2.737e-05  3.296e-05  3.827e-05   0.00%
PhysicalParticleContainer::AddParticles()                       2   5.57e-06  7.032e-06   8.12e-06   0.00%
REG::WarpX::Evolve()                                            1   2.24e-06   2.81e-06   3.28e-06   0.00%
Other                                                        3822    0.06714    0.07528    0.08637   0.55%
----------------------------------------------------------------------------------------------------------

----------------------------------------------------------------------------------------------------------
Name                                                       NCalls  Incl. Min  Incl. Avg  Incl. Max   Max %
----------------------------------------------------------------------------------------------------------
main()                                                          1      15.74      15.74      15.74  99.70%
REG::WarpX::Evolve()                                            1      15.61      15.62      15.62  98.96%
WarpX::Evolve()                                                 1      15.61      15.62      15.62  98.96%
WarpX::Evolve::step                                            10      15.61      15.62      15.62  98.96%
WarpX::OneStep()                                               10      12.82      12.83      12.83  81.27%
ThetaImplicitEM::OneStep()                                     10      12.82      12.83      12.83  81.27%
NewtonSolver::Solve()                                          10      12.78      12.78      12.79  81.00%
KSP_impl::solve()                                              15      10.07      10.07      10.07  63.82%
ThetaImplicitEM::ComputeRHS()                                  56       5.54      5.545      5.548  35.15%
ImplicitSolver::PreRHSOp()                                     56      5.352      5.352      5.352  33.91%
PhysicalParticleContainer::Evolve()                           112      4.633      4.943      5.217  33.05%
WarpXParticleContainer::DepositCurrent::CurrentDeposition     112      3.928      4.238      4.513  28.59%
warpx_petsc::applyMatOp()                                      31        2.9      2.966      3.042  19.27%
PETScSolver_impl::applyOp()                                    31       2.88       2.88      2.882  18.26%
JacobianFunctionMF::apply()                                    31       2.88       2.88      2.882  18.25%
ParticleContainer::RedistributeGPU()                           22      2.761      2.761      2.761  17.49%
amrex::communicateParticlesFinish                              22      1.342      2.218      2.738  17.35%
NewtonSolver::EvalResidual()                                   25      2.681      2.687       2.69  17.04%
amrex::communicateParticlesStart                               22  0.0008976     0.4865      1.397   8.85%
FillBoundary_finish()                                         765      0.223     0.6027      1.027   6.51%
PhysicalParticleContainer::Evolve::GatherAndPush              112     0.6925     0.7028     0.7126   4.51%
WarpX::SyncCurrent()                                           56     0.1269        0.4     0.7104   4.50%
ablastr::utils::communication::SumBoundary                    168     0.1266     0.3997     0.7102   4.50%
FabArray<FAB>::SumBoundary()                                  168     0.1264     0.3995     0.7099   4.50%
FabArray<FAB>::SumBoundary_finish()                           168     0.1205     0.3929     0.7041   4.46%
FabArray::FillBoundaryAndSync()                               597     0.2047     0.2738      0.353   2.24%
FillBoundaryAndSync_finish()                                  597     0.1033     0.2105     0.3237   2.05%
PETScSolver_impl::assemblePCMatrix()                           15     0.2305     0.2313      0.232   1.47%
ThetaImplicitEM::UpdateWarpXFields()                           66     0.1888     0.1936     0.1954   1.24%
ablastr::utils::communication::FillBoundary                   456     0.1841     0.1873     0.1894   1.20%
warpx_petsc::copyVec()                                        107    0.02586    0.09286     0.1697   1.08%
FillBoundary_nowait()                                         765    0.03272    0.06751     0.1636   1.04%
WarpXSolverVec::copyFrom                                       46    0.01664    0.08495      0.162   1.03%
FillBoundaryAndSync_nowait()                                  597    0.02743    0.06218     0.1588   1.01%
ParticleCopyPlan::build                                        22   0.005469    0.04008      0.142   0.90%
ParticleCopyPlan::buildMPIStart                                22   0.003263    0.03775     0.1393   0.88%
ParticleCopyPlan::doHandShake                                  22   0.002727    0.03718     0.1387   0.88%
WarpX::InitData()                                               1     0.1042     0.1062     0.1119   0.71%
PhysicalParticleContainer::AddParticles()                       2     0.0793     0.0794    0.07949   0.50%
PhysicalParticleContainer::AddPlasma()                          2     0.0793    0.07939    0.07949   0.50%
ParticleContainer::SortParticlesByBin()                         4    0.03603    0.03624    0.03673   0.23%
DenseBins<T>::buildGPU                                          6    0.02802    0.02856    0.02906   0.18%
FabArray::setVal()                                            576    0.01219    0.01366    0.01624   0.10%
Other                                                        3822      0.113     0.1264     0.1435   0.91%
----------------------------------------------------------------------------------------------------------



BEGIN REGION WarpX::Evolve()

----------------------------------------------------------------------------------------------------------
Name                                                       NCalls  Excl. Min  Excl. Avg  Excl. Max   Max %
----------------------------------------------------------------------------------------------------------
KSP_impl::solve()                                              15      6.791      6.867      6.934  43.93%
WarpXParticleContainer::DepositCurrent::CurrentDeposition     112      3.928      4.238      4.513  28.59%
amrex::communicateParticlesFinish                              20      1.342      2.218      2.738  17.35%
amrex::communicateParticlesStart                               20    0.00087     0.4865      1.397   8.85%
FillBoundary_finish()                                         762     0.2228     0.6017      1.026   6.50%
PhysicalParticleContainer::Evolve::GatherAndPush              112     0.6925     0.7028     0.7126   4.51%
PETScSolver_impl::assemblePCMatrix()                           15     0.2305     0.2313      0.232   1.47%
FillBoundary_nowait()                                         762    0.02822    0.06253      0.158   1.00%
ParticleCopyPlan::doHandShake                                  20   0.002227    0.03678     0.1386   0.88%
DenseBins<T>::buildGPU                                          4    0.02792    0.02844    0.02896   0.18%
ThetaImplicitEM::OneStep()                                     10    0.02599    0.02693    0.02776   0.18%
NewtonSolver::Solve()                                          10   0.006274   0.008204   0.009624   0.06%
ParticleContainer::SortParticlesByBin()                         4   0.007434   0.007794   0.008106   0.05%
JacobianFunctionMF::apply()                                    31   0.005943    0.00641   0.006847   0.04%
warpx_petsc::copyVec()                                        107   0.003998   0.004366   0.004839   0.03%
WarpXSolverVec::copyFrom                                       46   0.002668   0.002923   0.003505   0.02%
ParticleCopyPlan::build                                        20   0.001744   0.001922   0.002209   0.01%
PhysicalParticleContainer::Evolve()                           112   0.001747   0.001914    0.00216   0.01%
ThetaImplicitEM::UpdateWarpXFields()                           66   0.001301    0.00137   0.001468   0.01%
ImplicitSolver::PreRHSOp()                                     56   0.001173   0.001228   0.001345   0.01%
FabArray::FillBoundaryAndSync()                               594   0.001011   0.001071   0.001211   0.01%
FillBoundaryAndSync_nowait()                                  594  0.0005986  0.0007564   0.000955   0.01%
ParticleContainer::RedistributeGPU()                           20  0.0006268  0.0007014  0.0008344   0.01%
WarpX::Evolve::step                                            10  0.0005956  0.0006802  0.0008323   0.01%
ablastr::utils::communication::FillBoundary                   456  0.0006126  0.0006756  0.0008037   0.01%
FillBoundaryAndSync_finish()                                  594  0.0005517  0.0005951   0.000656   0.00%
ParticleCopyPlan::buildMPIStart                                20  0.0005168  0.0005347  0.0005535   0.00%
warpx_petsc::applyMatOp()                                      31  0.0003725  0.0004306  0.0004961   0.00%
WarpX::SyncCurrent()                                           56  0.0002729  0.0002952  0.0003338   0.00%
ThetaImplicitEM::ComputeRHS()                                  56   0.000276  0.0003017  0.0003218   0.00%
FabArray<FAB>::SumBoundary()                                  168   0.000257   0.000277  0.0003048   0.00%
ablastr::utils::communication::SumBoundary                    168   0.000187  0.0002119  0.0002565   0.00%
NewtonSolver::EvalResidual()                                   25  0.0001797  0.0001983  0.0002206   0.00%
FabArray<FAB>::SumBoundary_finish()                           168  0.0001536  0.0001657  0.0001959   0.00%
PETScSolver_impl::applyOp()                                    31  0.0001519  0.0001661  0.0001852   0.00%
WarpX::Evolve()                                                 1  8.547e-05  0.0001068  0.0001391   0.00%
WarpX::OneStep()                                               10  2.737e-05  3.296e-05  3.827e-05   0.00%
REG::WarpX::Evolve()                                            1   2.24e-06   2.81e-06   3.28e-06   0.00%
Other                                                        4332    0.06663    0.07586    0.08899   0.56%
----------------------------------------------------------------------------------------------------------

----------------------------------------------------------------------------------------------------------
Name                                                       NCalls  Incl. Min  Incl. Avg  Incl. Max   Max %
----------------------------------------------------------------------------------------------------------
REG::WarpX::Evolve()                                            1      15.61      15.62      15.62  98.96%
WarpX::Evolve()                                                 1      15.61      15.62      15.62  98.96%
WarpX::Evolve::step                                            10      15.61      15.62      15.62  98.96%
WarpX::OneStep()                                               10      12.82      12.83      12.83  81.27%
ThetaImplicitEM::OneStep()                                     10      12.82      12.83      12.83  81.27%
NewtonSolver::Solve()                                          10      12.78      12.78      12.79  81.00%
KSP_impl::solve()                                              15      10.07      10.07      10.07  63.82%
ThetaImplicitEM::ComputeRHS()                                  56       5.54      5.545      5.548  35.15%
ImplicitSolver::PreRHSOp()                                     56      5.352      5.352      5.352  33.91%
PhysicalParticleContainer::Evolve()                           112      4.633      4.943      5.217  33.05%
WarpXParticleContainer::DepositCurrent::CurrentDeposition     112      3.928      4.238      4.513  28.59%
warpx_petsc::applyMatOp()                                      31        2.9      2.966      3.042  19.27%
PETScSolver_impl::applyOp()                                    31       2.88       2.88      2.882  18.26%
JacobianFunctionMF::apply()                                    31       2.88       2.88      2.882  18.25%
ParticleContainer::RedistributeGPU()                           20      2.757      2.757      2.757  17.46%
amrex::communicateParticlesFinish                              20      1.342      2.218      2.738  17.35%
NewtonSolver::EvalResidual()                                   25      2.681      2.687       2.69  17.04%
amrex::communicateParticlesStart                               20    0.00087     0.4865      1.397   8.85%
FillBoundary_finish()                                         762     0.2228     0.6017      1.026   6.50%
PhysicalParticleContainer::Evolve::GatherAndPush              112     0.6925     0.7028     0.7126   4.51%
WarpX::SyncCurrent()                                           56     0.1269        0.4     0.7104   4.50%
ablastr::utils::communication::SumBoundary                    168     0.1266     0.3997     0.7102   4.50%
FabArray<FAB>::SumBoundary()                                  168     0.1264     0.3995     0.7099   4.50%
FabArray<FAB>::SumBoundary_finish()                           168     0.1205     0.3929     0.7041   4.46%
FabArray::FillBoundaryAndSync()                               594     0.1996     0.2687     0.3479   2.20%
FillBoundaryAndSync_finish()                                  594     0.1031     0.2095     0.3223   2.04%
PETScSolver_impl::assemblePCMatrix()                           15     0.2305     0.2313      0.232   1.47%
ThetaImplicitEM::UpdateWarpXFields()                           66     0.1888     0.1936     0.1954   1.24%
ablastr::utils::communication::FillBoundary                   456     0.1841     0.1873     0.1894   1.20%
warpx_petsc::copyVec()                                        107    0.02586    0.09286     0.1697   1.08%
WarpXSolverVec::copyFrom                                       46    0.01664    0.08495      0.162   1.03%
FillBoundary_nowait()                                         762      0.029    0.06343     0.1588   1.01%
FillBoundaryAndSync_nowait()                                  594     0.0245    0.05809     0.1539   0.98%
ParticleCopyPlan::build                                        20   0.004944     0.0395     0.1417   0.90%
ParticleCopyPlan::buildMPIStart                                20    0.00278    0.03731     0.1392   0.88%
ParticleCopyPlan::doHandShake                                  20   0.002227    0.03678     0.1386   0.88%
ParticleContainer::SortParticlesByBin()                         4    0.03603    0.03624    0.03673   0.23%
DenseBins<T>::buildGPU                                          4    0.02792    0.02844    0.02896   0.18%
Other                                                        4332    0.09798     0.1121     0.1311   0.83%
----------------------------------------------------------------------------------------------------------

END REGION WarpX::Evolve()
Device Memory Usage:
--------------------------------------------------------------------------------------------------------------------------------
Name                                              Nalloc  AvgMem min  AvgMem avg  AvgMem max  MaxMem min  MaxMem avg  MaxMem max
--------------------------------------------------------------------------------------------------------------------------------
The_Arena::Initialize()                                4      22 KiB      28 KiB      34 KiB      96 GiB      96 GiB      96 GiB
PhysicalParticleContainer::AddPlasma()               136    2189 MiB    2189 MiB    2190 MiB    3074 MiB    3074 MiB    3074 MiB
ParticleContainer::SortParticlesByBin()               48     171 MiB     171 MiB     171 MiB     832 MiB     832 MiB     832 MiB
DenseBins<T>::buildGPU                               104     106 MiB     106 MiB     106 MiB     384 MiB     384 MiB     384 MiB
ResizeRandomSeed                                       4      66 MiB      67 MiB      67 MiB      85 MiB      85 MiB      85 MiB
Redistribute_partition                               624      26 KiB      26 KiB      27 KiB      16 MiB      16 MiB      16 MiB
PETScSolver_impl::assemblePCMatrix()                 240      49 KiB      50 KiB      51 KiB    4395 KiB    4441 KiB    4488 KiB
MatrixPC::Assemble()                                  72    3009 KiB    3041 KiB    3072 KiB    4010 KiB    4052 KiB    4094 KiB
ThetaImplicitEM::Define()                             84    2233 KiB    2233 KiB    2233 KiB    2893 KiB    2893 KiB    2893 KiB
WarpX::InitData()                                     60    1272 KiB    1272 KiB    1272 KiB    1648 KiB    1648 KiB    1648 KiB
JacobianFunctionMF::::define()                        48    1197 KiB    1197 KiB    1197 KiB    1552 KiB    1552 KiB    1552 KiB
ParticleContainer::RedistributeGPU()                  24     511   B     526   B     534   B    1368 KiB    1368 KiB    1368 KiB
NewtonSolver::Define()                                36     898 KiB     898 KiB     898 KiB    1164 KiB    1164 KiB    1164 KiB
MatrixPC::Define()                                    16     309 KiB     312 KiB     315 KiB     962 KiB     973 KiB     983 KiB
KSP_impl::createObjects()                             24     582 KiB     582 KiB     582 KiB     776 KiB     776 KiB     776 KiB
NewtonSolver::Solve()                                516     944   B     957   B     979   B     457 KiB     457 KiB     457 KiB
JacobianFunctionMF::apply()                          420     598   B     610   B     628   B     456 KiB     456 KiB     456 KiB
amrex::packBuffer                                     64      50 KiB      52 KiB      54 KiB     415 KiB     420 KiB     425 KiB
amrex::communicateParticlesStart                     151      50 KiB      52 KiB      53 KiB     419 KiB     421 KiB     423 KiB
OwnerMask()                                           19     149 KiB     149 KiB     149 KiB     194 KiB     194 KiB     194 KiB
ParticleCopyPlan::build                              592    3832   B    4003   B    4101   B      31 KiB      31 KiB      31 KiB
FillBoundary_finish()                                 62    7450   B    8160   B    9147   B    9792   B      10 KiB      11 KiB
FillBoundary_nowait()                                 62    7457   B    8167   B    9152   B    9792   B      10 KiB      11 KiB
main()                                               196    1285   B    1285   B    1285   B    1664   B    1664   B    1664   B
ParticleBufferMap::define                             24      73   B      73   B      73   B      96   B      96   B      96   B
PhysicalParticleContainer::Evolve::GatherAndPush     602       1   B       1   B       1   B      80   B      80   B      80   B
--------------------------------------------------------------------------------------------------------------------------------

Managed Memory Usage:
---------------------------------------------------------------------------------------------------------------
Name                             Nalloc  AvgMem min  AvgMem avg  AvgMem max  MaxMem min  MaxMem avg  MaxMem max
---------------------------------------------------------------------------------------------------------------
The_Managed_Arena::Initialize()       4       0   B       0   B       0   B    8192 KiB    8192 KiB    8192 KiB
---------------------------------------------------------------------------------------------------------------

Pinned Memory Usage:
--------------------------------------------------------------------------------------------------------------------------------
Name                                              Nalloc  AvgMem min  AvgMem avg  AvgMem max  MaxMem min  MaxMem avg  MaxMem max
--------------------------------------------------------------------------------------------------------------------------------
The_Pinned_Arena::Initialize()                         4       0   B       0   B       0   B    8192 KiB    8192 KiB    8192 KiB
FillBoundary_finish()                                 62    7450   B    8160   B    9147   B    9792   B      10 KiB      11 KiB
FillBoundary_nowait()                                 62    7457   B    8167   B    9152   B    9792   B      10 KiB      11 KiB
NewtonSolver::Solve()                                516     864   B     864   B     864   B    1168   B    1168   B    1168   B
main()                                               416     865   B     865   B     865   B    1120   B    1120   B    1120   B
JacobianFunctionMF::apply()                          420     533   B     533   B     533   B     784   B     784   B     784   B
OwnerMask()                                            7       0   B       0   B       0   B       0   B     376   B     752   B
ParticleContainer::RedistributeGPU()                 120     171   B     171   B     172   B     384   B     384   B     384   B
ThetaImplicitEM::Define()                             24     297   B     297   B     297   B     384   B     384   B     384   B
Redistribute_partition                                96      73   B      73   B      73   B     112   B     112   B     112   B
amrex::packBuffer                                      8      73   B      73   B      73   B      96   B      96   B      96   B
ParticleCopyPlan::buildMPIStart                       63       4   B       7   B       8   B      64   B      64   B      64   B
ParticleCopyPlan::build                               88       4   B       4   B       4   B      32   B      32   B      32   B
Unprofiled                                            80       0   B       0   B       0   B      32   B      32   B      32   B
MatrixPC::Assemble()                                  64       0   B       0   B       0   B      16   B      16   B      16   B
PhysicalParticleContainer::Evolve::GatherAndPush     448       0   B       0   B       0   B      16   B      16   B      16   B
--------------------------------------------------------------------------------------------------------------------------------

Comms Memory Usage:
-------------------------------------------------------------------------------------------------------------
Name                           Nalloc  AvgMem min  AvgMem avg  AvgMem max  MaxMem min  MaxMem avg  MaxMem max
-------------------------------------------------------------------------------------------------------------
The_Comms_Arena::Initialize()       4       0   B       0   B       0   B    8192 KiB    8192 KiB    8192 KiB
FillBoundary_nowait()            5660     422   B     951   B    1563   B      43 KiB      43 KiB      43 KiB
-------------------------------------------------------------------------------------------------------------

Total GPU global memory (MB) spread across MPI: [131072 ... 131072]
Free  GPU global memory (MB) spread across MPI: [32078 ... 32078]
[The         Arena] max space (MB) allocated spread across MPI: [98304 ... 98304]
[The         Arena] max space (MB) used      spread across MPI: [3684 ... 3684]
[The Managed Arena] max space (MB) allocated spread across MPI: [8 ... 8]
[The Managed Arena] max space (MB) used      spread across MPI: [0 ... 0]
[The  Pinned Arena] max space (MB) allocated spread across MPI: [8 ... 8]
[The  Pinned Arena] max space (MB) used      spread across MPI: [0 ... 0]
[The   Comms Arena] max space (MB) allocated spread across MPI: [8 ... 8]
[The   Comms Arena] max space (MB) used      spread across MPI: [0 ... 0]
AMReX (26.03-87-g4039a8e99f94) finalized
